{"C:\\Users\\cecil\\Desktop\\ada-tech-school\\adaboards\\adaboards-api\\test-user-boards.js": {"path":"C:\\Users\\cecil\\Desktop\\ada-tech-school\\adaboards\\adaboards-api\\test-user-boards.js","all":true,"statementMap":{"0":{"start":{"line":1,"column":0},"end":{"line":1,"column":55}},"1":{"start":{"line":2,"column":0},"end":{"line":2,"column":0}},"2":{"start":{"line":3,"column":0},"end":{"line":3,"column":34}},"3":{"start":{"line":4,"column":0},"end":{"line":4,"column":0}},"4":{"start":{"line":5,"column":0},"end":{"line":5,"column":33}},"5":{"start":{"line":6,"column":0},"end":{"line":6,"column":21}},"6":{"start":{"line":7,"column":0},"end":{"line":7,"column":23}},"7":{"start":{"line":8,"column":0},"end":{"line":8,"column":22}},"8":{"start":{"line":9,"column":0},"end":{"line":9,"column":22}},"9":{"start":{"line":10,"column":0},"end":{"line":10,"column":19}},"10":{"start":{"line":11,"column":0},"end":{"line":11,"column":4}},"11":{"start":{"line":12,"column":0},"end":{"line":12,"column":0}},"12":{"start":{"line":13,"column":0},"end":{"line":13,"column":34}},"13":{"start":{"line":14,"column":0},"end":{"line":14,"column":68}},"14":{"start":{"line":15,"column":0},"end":{"line":15,"column":0}},"15":{"start":{"line":16,"column":0},"end":{"line":16,"column":16}},"16":{"start":{"line":17,"column":0},"end":{"line":17,"column":49}},"17":{"start":{"line":18,"column":0},"end":{"line":18,"column":15}},"18":{"start":{"line":19,"column":0},"end":{"line":19,"column":5}},"19":{"start":{"line":20,"column":0},"end":{"line":20,"column":0}},"20":{"start":{"line":21,"column":0},"end":{"line":21,"column":58}},"21":{"start":{"line":22,"column":0},"end":{"line":22,"column":33}},"22":{"start":{"line":23,"column":0},"end":{"line":23,"column":30}},"23":{"start":{"line":24,"column":0},"end":{"line":24,"column":7}},"24":{"start":{"line":25,"column":0},"end":{"line":25,"column":0}},"25":{"start":{"line":26,"column":0},"end":{"line":26,"column":46}},"26":{"start":{"line":27,"column":0},"end":{"line":27,"column":52}},"27":{"start":{"line":28,"column":0},"end":{"line":28,"column":30}},"28":{"start":{"line":29,"column":0},"end":{"line":29,"column":54}},"29":{"start":{"line":30,"column":0},"end":{"line":30,"column":7}},"30":{"start":{"line":31,"column":0},"end":{"line":31,"column":3}},"31":{"start":{"line":32,"column":0},"end":{"line":32,"column":0}},"32":{"start":{"line":33,"column":0},"end":{"line":33,"column":29}},"33":{"start":{"line":34,"column":0},"end":{"line":34,"column":1}},"34":{"start":{"line":35,"column":0},"end":{"line":35,"column":0}},"35":{"start":{"line":36,"column":0},"end":{"line":36,"column":38}}},"s":{"0":0,"1":0,"2":0,"3":0,"4":0,"5":0,"6":0,"7":0,"8":0,"9":0,"10":0,"11":0,"12":0,"13":0,"14":0,"15":0,"16":0,"17":0,"18":0,"19":0,"20":0,"21":0,"22":0,"23":0,"24":0,"25":0,"26":0,"27":0,"28":0,"29":0,"30":0,"31":0,"32":0,"33":0,"34":0,"35":0},"branchMap":{"0":{"type":"branch","line":1,"loc":{"start":{"line":1,"column":0},"end":{"line":36,"column":38}},"locations":[{"start":{"line":1,"column":0},"end":{"line":36,"column":38}}]}},"b":{"0":[0]},"fnMap":{"0":{"name":"(empty-report)","decl":{"start":{"line":1,"column":0},"end":{"line":36,"column":38}},"loc":{"start":{"line":1,"column":0},"end":{"line":36,"column":38}},"line":1}},"f":{"0":0}}
,"C:\\Users\\cecil\\Desktop\\ada-tech-school\\adaboards\\adaboards-api\\vitest.config.ts": {"path":"C:\\Users\\cecil\\Desktop\\ada-tech-school\\adaboards\\adaboards-api\\vitest.config.ts","all":true,"statementMap":{"0":{"start":{"line":1,"column":0},"end":{"line":1,"column":45}},"1":{"start":{"line":2,"column":0},"end":{"line":2,"column":48}},"2":{"start":{"line":3,"column":0},"end":{"line":3,"column":31}},"4":{"start":{"line":5,"column":0},"end":{"line":5,"column":43}},"6":{"start":{"line":7,"column":0},"end":{"line":7,"column":49}},"8":{"start":{"line":9,"column":0},"end":{"line":9,"column":10}},"9":{"start":{"line":10,"column":0},"end":{"line":10,"column":31}},"10":{"start":{"line":11,"column":0},"end":{"line":11,"column":11}},"11":{"start":{"line":12,"column":0},"end":{"line":12,"column":20}},"12":{"start":{"line":13,"column":0},"end":{"line":13,"column":26}},"13":{"start":{"line":14,"column":0},"end":{"line":14,"column":38}},"14":{"start":{"line":15,"column":0},"end":{"line":15,"column":15}},"15":{"start":{"line":16,"column":0},"end":{"line":16,"column":17}},"16":{"start":{"line":17,"column":0},"end":{"line":17,"column":23}},"17":{"start":{"line":18,"column":0},"end":{"line":18,"column":43}},"18":{"start":{"line":19,"column":0},"end":{"line":19,"column":18}},"19":{"start":{"line":20,"column":0},"end":{"line":20,"column":26}},"20":{"start":{"line":21,"column":0},"end":{"line":21,"column":18}},"21":{"start":{"line":22,"column":0},"end":{"line":22,"column":23}},"22":{"start":{"line":23,"column":0},"end":{"line":23,"column":19}},"23":{"start":{"line":24,"column":0},"end":{"line":24,"column":25}},"24":{"start":{"line":25,"column":0},"end":{"line":25,"column":24}},"25":{"start":{"line":26,"column":0},"end":{"line":26,"column":9}},"26":{"start":{"line":27,"column":0},"end":{"line":27,"column":7}},"27":{"start":{"line":28,"column":0},"end":{"line":28,"column":5}},"28":{"start":{"line":29,"column":0},"end":{"line":29,"column":4}},"29":{"start":{"line":30,"column":0},"end":{"line":30,"column":3}}},"s":{"0":0,"1":0,"2":0,"4":0,"6":0,"8":0,"9":0,"10":0,"11":0,"12":0,"13":0,"14":0,"15":0,"16":0,"17":0,"18":0,"19":0,"20":0,"21":0,"22":0,"23":0,"24":0,"25":0,"26":0,"27":0,"28":0,"29":0},"branchMap":{"0":{"type":"branch","line":1,"loc":{"start":{"line":1,"column":725},"end":{"line":30,"column":3}},"locations":[{"start":{"line":1,"column":725},"end":{"line":30,"column":3}}]}},"b":{"0":[0]},"fnMap":{"0":{"name":"(empty-report)","decl":{"start":{"line":1,"column":725},"end":{"line":30,"column":3}},"loc":{"start":{"line":1,"column":725},"end":{"line":30,"column":3}},"line":1}},"f":{"0":0}}
,"C:\\Users\\cecil\\Desktop\\ada-tech-school\\adaboards\\adaboards-api\\src\\app.ts": {"path":"C:\\Users\\cecil\\Desktop\\ada-tech-school\\adaboards\\adaboards-api\\src\\app.ts","all":false,"statementMap":{"0":{"start":{"line":1,"column":0},"end":{"line":1,"column":57}},"1":{"start":{"line":2,"column":0},"end":{"line":2,"column":53}},"2":{"start":{"line":3,"column":0},"end":{"line":3,"column":24}},"3":{"start":{"line":4,"column":0},"end":{"line":4,"column":46}},"4":{"start":{"line":5,"column":0},"end":{"line":5,"column":48}},"5":{"start":{"line":6,"column":0},"end":{"line":6,"column":46}},"6":{"start":{"line":7,"column":0},"end":{"line":7,"column":58}},"7":{"start":{"line":8,"column":0},"end":{"line":8,"column":46}},"9":{"start":{"line":10,"column":0},"end":{"line":10,"column":22}},"12":{"start":{"line":13,"column":0},"end":{"line":13,"column":14}},"13":{"start":{"line":14,"column":0},"end":{"line":14,"column":34}},"14":{"start":{"line":15,"column":0},"end":{"line":15,"column":19}},"15":{"start":{"line":16,"column":0},"end":{"line":16,"column":4}},"16":{"start":{"line":17,"column":0},"end":{"line":17,"column":24}},"19":{"start":{"line":20,"column":0},"end":{"line":20,"column":47}},"20":{"start":{"line":21,"column":0},"end":{"line":21,"column":52}},"21":{"start":{"line":22,"column":0},"end":{"line":22,"column":3}},"23":{"start":{"line":24,"column":0},"end":{"line":24,"column":53}},"24":{"start":{"line":25,"column":0},"end":{"line":25,"column":66}},"25":{"start":{"line":26,"column":0},"end":{"line":26,"column":3}},"28":{"start":{"line":29,"column":0},"end":{"line":29,"column":33}},"29":{"start":{"line":30,"column":0},"end":{"line":30,"column":36}},"30":{"start":{"line":31,"column":0},"end":{"line":31,"column":34}},"31":{"start":{"line":32,"column":0},"end":{"line":32,"column":50}},"32":{"start":{"line":33,"column":0},"end":{"line":33,"column":34}},"34":{"start":{"line":35,"column":0},"end":{"line":35,"column":19}}},"s":{"0":1,"1":1,"2":1,"3":1,"4":1,"5":1,"6":1,"7":1,"9":1,"12":1,"13":1,"14":1,"15":1,"16":1,"19":1,"20":0,"21":0,"23":1,"24":0,"25":0,"28":1,"29":1,"30":1,"31":1,"32":1,"34":1},"branchMap":{},"b":{},"fnMap":{},"f":{}}
,"C:\\Users\\cecil\\Desktop\\ada-tech-school\\adaboards\\adaboards-api\\src\\index.ts": {"path":"C:\\Users\\cecil\\Desktop\\ada-tech-school\\adaboards\\adaboards-api\\src\\index.ts","all":true,"statementMap":{"0":{"start":{"line":1,"column":0},"end":{"line":1,"column":51}},"1":{"start":{"line":2,"column":0},"end":{"line":2,"column":24}},"3":{"start":{"line":4,"column":0},"end":{"line":4,"column":34}},"4":{"start":{"line":5,"column":0},"end":{"line":5,"column":38}},"7":{"start":{"line":8,"column":0},"end":{"line":8,"column":24}},"8":{"start":{"line":9,"column":0},"end":{"line":9,"column":60}},"9":{"start":{"line":10,"column":0},"end":{"line":10,"column":3}},"12":{"start":{"line":13,"column":0},"end":{"line":13,"column":34}},"13":{"start":{"line":14,"column":0},"end":{"line":14,"column":29}},"14":{"start":{"line":15,"column":0},"end":{"line":15,"column":18}},"15":{"start":{"line":16,"column":0},"end":{"line":16,"column":3}}},"s":{"0":0,"1":0,"3":0,"4":0,"7":0,"8":0,"9":0,"12":0,"13":0,"14":0,"15":0},"branchMap":{"0":{"type":"branch","line":1,"loc":{"start":{"line":1,"column":0},"end":{"line":16,"column":-164}},"locations":[{"start":{"line":1,"column":0},"end":{"line":16,"column":-164}}]}},"b":{"0":[0]},"fnMap":{"0":{"name":"(empty-report)","decl":{"start":{"line":1,"column":0},"end":{"line":16,"column":-164}},"loc":{"start":{"line":1,"column":0},"end":{"line":16,"column":-164}},"line":1}},"f":{"0":0}}
,"C:\\Users\\cecil\\Desktop\\ada-tech-school\\adaboards\\adaboards-api\\src\\controllers\\auth.controller.ts": {"path":"C:\\Users\\cecil\\Desktop\\ada-tech-school\\adaboards\\adaboards-api\\src\\controllers\\auth.controller.ts","all":false,"statementMap":{"1":{"start":{"line":2,"column":0},"end":{"line":2,"column":55}},"4":{"start":{"line":5,"column":0},"end":{"line":5,"column":29}},"5":{"start":{"line":6,"column":0},"end":{"line":6,"column":62}},"6":{"start":{"line":7,"column":0},"end":{"line":7,"column":9}},"7":{"start":{"line":8,"column":0},"end":{"line":8,"column":41}},"10":{"start":{"line":11,"column":0},"end":{"line":11,"column":56}},"11":{"start":{"line":12,"column":0},"end":{"line":12,"column":81}},"12":{"start":{"line":13,"column":0},"end":{"line":13,"column":15}},"13":{"start":{"line":14,"column":0},"end":{"line":14,"column":7}},"15":{"start":{"line":16,"column":0},"end":{"line":16,"column":37}},"16":{"start":{"line":17,"column":0},"end":{"line":17,"column":82}},"17":{"start":{"line":18,"column":0},"end":{"line":18,"column":15}},"18":{"start":{"line":19,"column":0},"end":{"line":19,"column":7}},"20":{"start":{"line":21,"column":0},"end":{"line":21,"column":54}},"21":{"start":{"line":22,"column":0},"end":{"line":22,"column":35}},"22":{"start":{"line":23,"column":0},"end":{"line":23,"column":21}},"23":{"start":{"line":24,"column":0},"end":{"line":24,"column":35}},"24":{"start":{"line":25,"column":0},"end":{"line":25,"column":55}},"25":{"start":{"line":26,"column":0},"end":{"line":26,"column":57}},"26":{"start":{"line":27,"column":0},"end":{"line":27,"column":17}},"27":{"start":{"line":28,"column":0},"end":{"line":28,"column":9}},"28":{"start":{"line":29,"column":0},"end":{"line":29,"column":7}},"29":{"start":{"line":30,"column":0},"end":{"line":30,"column":63}},"30":{"start":{"line":31,"column":0},"end":{"line":31,"column":5}},"31":{"start":{"line":32,"column":0},"end":{"line":32,"column":3}},"33":{"start":{"line":34,"column":0},"end":{"line":34,"column":59}},"34":{"start":{"line":35,"column":0},"end":{"line":35,"column":9}},"35":{"start":{"line":36,"column":0},"end":{"line":36,"column":38}},"38":{"start":{"line":39,"column":0},"end":{"line":39,"column":42}},"39":{"start":{"line":40,"column":0},"end":{"line":40,"column":75}},"40":{"start":{"line":41,"column":0},"end":{"line":41,"column":15}},"41":{"start":{"line":42,"column":0},"end":{"line":42,"column":7}},"43":{"start":{"line":44,"column":0},"end":{"line":44,"column":51}},"44":{"start":{"line":45,"column":0},"end":{"line":45,"column":35}},"45":{"start":{"line":46,"column":0},"end":{"line":46,"column":21}},"46":{"start":{"line":47,"column":0},"end":{"line":47,"column":35}},"47":{"start":{"line":48,"column":0},"end":{"line":48,"column":54}},"48":{"start":{"line":49,"column":0},"end":{"line":49,"column":57}},"49":{"start":{"line":50,"column":0},"end":{"line":50,"column":17}},"50":{"start":{"line":51,"column":0},"end":{"line":51,"column":9}},"51":{"start":{"line":52,"column":0},"end":{"line":52,"column":7}},"52":{"start":{"line":53,"column":0},"end":{"line":53,"column":63}},"53":{"start":{"line":54,"column":0},"end":{"line":54,"column":5}},"54":{"start":{"line":55,"column":0},"end":{"line":55,"column":3}},"55":{"start":{"line":56,"column":0},"end":{"line":56,"column":1}},"57":{"start":{"line":58,"column":0},"end":{"line":58,"column":51}}},"s":{"1":1,"4":1,"5":1,"6":87,"7":87,"10":87,"11":4,"12":4,"13":4,"15":87,"16":1,"17":1,"18":1,"20":82,"21":79,"22":87,"23":3,"24":3,"25":2,"26":2,"27":2,"28":3,"29":1,"30":1,"31":87,"33":1,"34":8,"35":8,"38":8,"39":2,"40":2,"41":2,"43":6,"44":2,"45":8,"46":4,"47":4,"48":3,"49":3,"50":3,"51":4,"52":1,"53":1,"54":8,"55":1,"57":1},"branchMap":{"0":{"type":"branch","line":6,"loc":{"start":{"line":6,"column":2},"end":{"line":32,"column":3}},"locations":[{"start":{"line":6,"column":2},"end":{"line":32,"column":3}}]},"1":{"type":"branch","line":11,"loc":{"start":{"line":11,"column":16},"end":{"line":11,"column":39}},"locations":[{"start":{"line":11,"column":16},"end":{"line":11,"column":39}}]},"2":{"type":"branch","line":11,"loc":{"start":{"line":11,"column":31},"end":{"line":11,"column":55}},"locations":[{"start":{"line":11,"column":31},"end":{"line":11,"column":55}}]},"3":{"type":"branch","line":11,"loc":{"start":{"line":11,"column":55},"end":{"line":14,"column":7}},"locations":[{"start":{"line":11,"column":55},"end":{"line":14,"column":7}}]},"4":{"type":"branch","line":14,"loc":{"start":{"line":14,"column":6},"end":{"line":16,"column":36}},"locations":[{"start":{"line":14,"column":6},"end":{"line":16,"column":36}}]},"5":{"type":"branch","line":16,"loc":{"start":{"line":16,"column":36},"end":{"line":19,"column":7}},"locations":[{"start":{"line":16,"column":36},"end":{"line":19,"column":7}}]},"6":{"type":"branch","line":19,"loc":{"start":{"line":19,"column":6},"end":{"line":21,"column":54}},"locations":[{"start":{"line":19,"column":6},"end":{"line":21,"column":54}}]},"7":{"type":"branch","line":21,"loc":{"start":{"line":21,"column":52},"end":{"line":23,"column":13}},"locations":[{"start":{"line":21,"column":52},"end":{"line":23,"column":13}}]},"8":{"type":"branch","line":23,"loc":{"start":{"line":23,"column":4},"end":{"line":31,"column":5}},"locations":[{"start":{"line":23,"column":4},"end":{"line":31,"column":5}}]},"9":{"type":"branch","line":25,"loc":{"start":{"line":25,"column":54},"end":{"line":28,"column":9}},"locations":[{"start":{"line":25,"column":54},"end":{"line":28,"column":9}}]},"10":{"type":"branch","line":29,"loc":{"start":{"line":29,"column":6},"end":{"line":31,"column":5}},"locations":[{"start":{"line":29,"column":6},"end":{"line":31,"column":5}}]},"11":{"type":"branch","line":34,"loc":{"start":{"line":34,"column":2},"end":{"line":55,"column":3}},"locations":[{"start":{"line":34,"column":2},"end":{"line":55,"column":3}}]},"12":{"type":"branch","line":39,"loc":{"start":{"line":39,"column":16},"end":{"line":39,"column":41}},"locations":[{"start":{"line":39,"column":16},"end":{"line":39,"column":41}}]},"13":{"type":"branch","line":39,"loc":{"start":{"line":39,"column":41},"end":{"line":42,"column":7}},"locations":[{"start":{"line":39,"column":41},"end":{"line":42,"column":7}}]},"14":{"type":"branch","line":42,"loc":{"start":{"line":42,"column":6},"end":{"line":44,"column":51}},"locations":[{"start":{"line":42,"column":6},"end":{"line":44,"column":51}}]},"15":{"type":"branch","line":44,"loc":{"start":{"line":44,"column":49},"end":{"line":46,"column":13}},"locations":[{"start":{"line":44,"column":49},"end":{"line":46,"column":13}}]},"16":{"type":"branch","line":46,"loc":{"start":{"line":46,"column":4},"end":{"line":54,"column":5}},"locations":[{"start":{"line":46,"column":4},"end":{"line":54,"column":5}}]},"17":{"type":"branch","line":48,"loc":{"start":{"line":48,"column":53},"end":{"line":51,"column":9}},"locations":[{"start":{"line":48,"column":53},"end":{"line":51,"column":9}}]},"18":{"type":"branch","line":52,"loc":{"start":{"line":52,"column":6},"end":{"line":54,"column":5}},"locations":[{"start":{"line":52,"column":6},"end":{"line":54,"column":5}}]}},"b":{"0":[87],"1":[86],"2":[84],"3":[4],"4":[83],"5":[1],"6":[82],"7":[79],"8":[3],"9":[2],"10":[1],"11":[8],"12":[7],"13":[2],"14":[6],"15":[2],"16":[4],"17":[3],"18":[1]},"fnMap":{"0":{"name":"register","decl":{"start":{"line":6,"column":2},"end":{"line":32,"column":3}},"loc":{"start":{"line":6,"column":2},"end":{"line":32,"column":3}},"line":6},"1":{"name":"login","decl":{"start":{"line":34,"column":2},"end":{"line":55,"column":3}},"loc":{"start":{"line":34,"column":2},"end":{"line":55,"column":3}},"line":34}},"f":{"0":87,"1":8}}
,"C:\\Users\\cecil\\Desktop\\ada-tech-school\\adaboards\\adaboards-api\\src\\controllers\\board.controller.ts": {"path":"C:\\Users\\cecil\\Desktop\\ada-tech-school\\adaboards\\adaboards-api\\src\\controllers\\board.controller.ts","all":false,"statementMap":{"1":{"start":{"line":2,"column":0},"end":{"line":2,"column":57}},"2":{"start":{"line":3,"column":0},"end":{"line":3,"column":63}},"3":{"start":{"line":4,"column":0},"end":{"line":4,"column":41}},"5":{"start":{"line":6,"column":0},"end":{"line":6,"column":30}},"10":{"start":{"line":11,"column":0},"end":{"line":11,"column":48}},"11":{"start":{"line":12,"column":0},"end":{"line":12,"column":9}},"12":{"start":{"line":13,"column":0},"end":{"line":13,"column":34}},"14":{"start":{"line":15,"column":0},"end":{"line":15,"column":20}},"15":{"start":{"line":16,"column":0},"end":{"line":16,"column":38}},"16":{"start":{"line":17,"column":0},"end":{"line":17,"column":7}},"18":{"start":{"line":19,"column":0},"end":{"line":19,"column":62}},"19":{"start":{"line":20,"column":0},"end":{"line":20,"column":30}},"20":{"start":{"line":21,"column":0},"end":{"line":21,"column":21}},"21":{"start":{"line":22,"column":0},"end":{"line":22,"column":44}},"22":{"start":{"line":23,"column":0},"end":{"line":23,"column":55}},"23":{"start":{"line":24,"column":0},"end":{"line":24,"column":7}},"24":{"start":{"line":25,"column":0},"end":{"line":25,"column":47}},"25":{"start":{"line":26,"column":0},"end":{"line":26,"column":43}},"26":{"start":{"line":27,"column":0},"end":{"line":27,"column":5}},"27":{"start":{"line":28,"column":0},"end":{"line":28,"column":3}},"33":{"start":{"line":34,"column":0},"end":{"line":34,"column":47}},"34":{"start":{"line":35,"column":0},"end":{"line":35,"column":9}},"35":{"start":{"line":36,"column":0},"end":{"line":36,"column":34}},"36":{"start":{"line":37,"column":0},"end":{"line":37,"column":36}},"38":{"start":{"line":39,"column":0},"end":{"line":39,"column":20}},"39":{"start":{"line":40,"column":0},"end":{"line":40,"column":38}},"40":{"start":{"line":41,"column":0},"end":{"line":41,"column":7}},"42":{"start":{"line":43,"column":0},"end":{"line":43,"column":65}},"43":{"start":{"line":44,"column":0},"end":{"line":44,"column":29}},"44":{"start":{"line":45,"column":0},"end":{"line":45,"column":21}},"45":{"start":{"line":46,"column":0},"end":{"line":46,"column":44}},"46":{"start":{"line":47,"column":0},"end":{"line":47,"column":54}},"47":{"start":{"line":48,"column":0},"end":{"line":48,"column":7}},"48":{"start":{"line":49,"column":0},"end":{"line":49,"column":47}},"49":{"start":{"line":50,"column":0},"end":{"line":50,"column":43}},"50":{"start":{"line":51,"column":0},"end":{"line":51,"column":5}},"51":{"start":{"line":52,"column":0},"end":{"line":52,"column":3}},"57":{"start":{"line":58,"column":0},"end":{"line":58,"column":50}},"58":{"start":{"line":59,"column":0},"end":{"line":59,"column":9}},"59":{"start":{"line":60,"column":0},"end":{"line":60,"column":34}},"60":{"start":{"line":61,"column":0},"end":{"line":61,"column":32}},"62":{"start":{"line":63,"column":0},"end":{"line":63,"column":20}},"63":{"start":{"line":64,"column":0},"end":{"line":64,"column":38}},"64":{"start":{"line":65,"column":0},"end":{"line":65,"column":7}},"66":{"start":{"line":67,"column":0},"end":{"line":67,"column":74}},"67":{"start":{"line":68,"column":0},"end":{"line":68,"column":60}},"68":{"start":{"line":69,"column":0},"end":{"line":69,"column":7}},"70":{"start":{"line":71,"column":0},"end":{"line":71,"column":72}},"71":{"start":{"line":72,"column":0},"end":{"line":72,"column":41}},"72":{"start":{"line":73,"column":0},"end":{"line":73,"column":21}},"73":{"start":{"line":74,"column":0},"end":{"line":74,"column":44}},"74":{"start":{"line":75,"column":0},"end":{"line":75,"column":54}},"75":{"start":{"line":76,"column":0},"end":{"line":76,"column":7}},"76":{"start":{"line":77,"column":0},"end":{"line":77,"column":47}},"77":{"start":{"line":78,"column":0},"end":{"line":78,"column":43}},"78":{"start":{"line":79,"column":0},"end":{"line":79,"column":5}},"79":{"start":{"line":80,"column":0},"end":{"line":80,"column":3}},"85":{"start":{"line":86,"column":0},"end":{"line":86,"column":50}},"86":{"start":{"line":87,"column":0},"end":{"line":87,"column":9}},"87":{"start":{"line":88,"column":0},"end":{"line":88,"column":34}},"88":{"start":{"line":89,"column":0},"end":{"line":89,"column":36}},"89":{"start":{"line":90,"column":0},"end":{"line":90,"column":32}},"91":{"start":{"line":92,"column":0},"end":{"line":92,"column":20}},"92":{"start":{"line":93,"column":0},"end":{"line":93,"column":38}},"93":{"start":{"line":94,"column":0},"end":{"line":94,"column":7}},"95":{"start":{"line":96,"column":0},"end":{"line":96,"column":74}},"96":{"start":{"line":97,"column":0},"end":{"line":97,"column":60}},"97":{"start":{"line":98,"column":0},"end":{"line":98,"column":7}},"99":{"start":{"line":100,"column":0},"end":{"line":100,"column":91}},"100":{"start":{"line":101,"column":0},"end":{"line":101,"column":29}},"101":{"start":{"line":102,"column":0},"end":{"line":102,"column":21}},"102":{"start":{"line":103,"column":0},"end":{"line":103,"column":44}},"103":{"start":{"line":104,"column":0},"end":{"line":104,"column":54}},"104":{"start":{"line":105,"column":0},"end":{"line":105,"column":7}},"105":{"start":{"line":106,"column":0},"end":{"line":106,"column":47}},"106":{"start":{"line":107,"column":0},"end":{"line":107,"column":43}},"107":{"start":{"line":108,"column":0},"end":{"line":108,"column":5}},"108":{"start":{"line":109,"column":0},"end":{"line":109,"column":3}},"114":{"start":{"line":115,"column":0},"end":{"line":115,"column":50}},"115":{"start":{"line":116,"column":0},"end":{"line":116,"column":9}},"116":{"start":{"line":117,"column":0},"end":{"line":117,"column":34}},"117":{"start":{"line":118,"column":0},"end":{"line":118,"column":36}},"119":{"start":{"line":120,"column":0},"end":{"line":120,"column":20}},"120":{"start":{"line":121,"column":0},"end":{"line":121,"column":38}},"121":{"start":{"line":122,"column":0},"end":{"line":122,"column":7}},"123":{"start":{"line":124,"column":0},"end":{"line":124,"column":54}},"124":{"start":{"line":125,"column":0},"end":{"line":125,"column":36}},"125":{"start":{"line":126,"column":0},"end":{"line":126,"column":21}},"126":{"start":{"line":127,"column":0},"end":{"line":127,"column":44}},"127":{"start":{"line":128,"column":0},"end":{"line":128,"column":54}},"128":{"start":{"line":129,"column":0},"end":{"line":129,"column":7}},"129":{"start":{"line":130,"column":0},"end":{"line":130,"column":47}},"130":{"start":{"line":131,"column":0},"end":{"line":131,"column":43}},"131":{"start":{"line":132,"column":0},"end":{"line":132,"column":5}},"132":{"start":{"line":133,"column":0},"end":{"line":133,"column":3}},"133":{"start":{"line":134,"column":0},"end":{"line":134,"column":1}},"135":{"start":{"line":136,"column":0},"end":{"line":136,"column":53}}},"s":{"1":1,"2":1,"3":1,"5":1,"10":1,"11":7,"12":7,"14":7,"15":1,"16":1,"18":6,"19":5,"20":7,"21":2,"22":0,"23":0,"24":2,"25":2,"26":2,"27":7,"33":1,"34":5,"35":5,"36":5,"38":5,"39":1,"40":1,"42":4,"43":2,"44":4,"45":3,"46":0,"47":0,"48":3,"49":3,"50":3,"51":5,"57":1,"58":38,"59":38,"60":38,"62":38,"63":1,"64":1,"66":38,"67":2,"68":2,"70":35,"71":35,"72":38,"73":3,"74":0,"75":0,"76":3,"77":3,"78":3,"79":38,"85":1,"86":8,"87":8,"88":8,"89":8,"91":8,"92":1,"93":1,"95":8,"96":1,"97":1,"99":6,"100":3,"101":8,"102":5,"103":0,"104":0,"105":5,"106":5,"107":5,"108":8,"114":1,"115":8,"116":8,"117":8,"119":8,"120":1,"121":1,"123":7,"124":3,"125":6,"126":5,"127":0,"128":0,"129":5,"130":5,"131":5,"132":8,"133":1,"135":1},"branchMap":{"0":{"type":"branch","line":11,"loc":{"start":{"line":11,"column":2},"end":{"line":28,"column":3}},"locations":[{"start":{"line":11,"column":2},"end":{"line":28,"column":3}}]},"1":{"type":"branch","line":13,"loc":{"start":{"line":13,"column":25},"end":{"line":13,"column":34}},"locations":[{"start":{"line":13,"column":25},"end":{"line":13,"column":34}}]},"2":{"type":"branch","line":15,"loc":{"start":{"line":15,"column":19},"end":{"line":17,"column":7}},"locations":[{"start":{"line":15,"column":19},"end":{"line":17,"column":7}}]},"3":{"type":"branch","line":17,"loc":{"start":{"line":17,"column":6},"end":{"line":19,"column":62}},"locations":[{"start":{"line":17,"column":6},"end":{"line":19,"column":62}}]},"4":{"type":"branch","line":19,"loc":{"start":{"line":19,"column":60},"end":{"line":21,"column":13}},"locations":[{"start":{"line":19,"column":60},"end":{"line":21,"column":13}}]},"5":{"type":"branch","line":21,"loc":{"start":{"line":21,"column":4},"end":{"line":27,"column":5}},"locations":[{"start":{"line":21,"column":4},"end":{"line":27,"column":5}}]},"6":{"type":"branch","line":22,"loc":{"start":{"line":22,"column":43},"end":{"line":24,"column":7}},"locations":[{"start":{"line":22,"column":43},"end":{"line":24,"column":7}}]},"7":{"type":"branch","line":34,"loc":{"start":{"line":34,"column":2},"end":{"line":52,"column":3}},"locations":[{"start":{"line":34,"column":2},"end":{"line":52,"column":3}}]},"8":{"type":"branch","line":36,"loc":{"start":{"line":36,"column":25},"end":{"line":36,"column":34}},"locations":[{"start":{"line":36,"column":25},"end":{"line":36,"column":34}}]},"9":{"type":"branch","line":39,"loc":{"start":{"line":39,"column":19},"end":{"line":41,"column":7}},"locations":[{"start":{"line":39,"column":19},"end":{"line":41,"column":7}}]},"10":{"type":"branch","line":41,"loc":{"start":{"line":41,"column":6},"end":{"line":51,"column":5}},"locations":[{"start":{"line":41,"column":6},"end":{"line":51,"column":5}}]},"11":{"type":"branch","line":43,"loc":{"start":{"line":43,"column":63},"end":{"line":45,"column":13}},"locations":[{"start":{"line":43,"column":63},"end":{"line":45,"column":13}}]},"12":{"type":"branch","line":45,"loc":{"start":{"line":45,"column":4},"end":{"line":51,"column":5}},"locations":[{"start":{"line":45,"column":4},"end":{"line":51,"column":5}}]},"13":{"type":"branch","line":46,"loc":{"start":{"line":46,"column":43},"end":{"line":48,"column":7}},"locations":[{"start":{"line":46,"column":43},"end":{"line":48,"column":7}}]},"14":{"type":"branch","line":58,"loc":{"start":{"line":58,"column":2},"end":{"line":80,"column":3}},"locations":[{"start":{"line":58,"column":2},"end":{"line":80,"column":3}}]},"15":{"type":"branch","line":60,"loc":{"start":{"line":60,"column":25},"end":{"line":60,"column":34}},"locations":[{"start":{"line":60,"column":25},"end":{"line":60,"column":34}}]},"16":{"type":"branch","line":63,"loc":{"start":{"line":63,"column":19},"end":{"line":65,"column":7}},"locations":[{"start":{"line":63,"column":19},"end":{"line":65,"column":7}}]},"17":{"type":"branch","line":65,"loc":{"start":{"line":65,"column":6},"end":{"line":67,"column":19}},"locations":[{"start":{"line":65,"column":6},"end":{"line":67,"column":19}}]},"18":{"type":"branch","line":67,"loc":{"start":{"line":67,"column":11},"end":{"line":67,"column":47}},"locations":[{"start":{"line":67,"column":11},"end":{"line":67,"column":47}}]},"19":{"type":"branch","line":67,"loc":{"start":{"line":67,"column":35},"end":{"line":67,"column":73}},"locations":[{"start":{"line":67,"column":35},"end":{"line":67,"column":73}}]},"20":{"type":"branch","line":67,"loc":{"start":{"line":67,"column":73},"end":{"line":73,"column":13}},"locations":[{"start":{"line":67,"column":73},"end":{"line":73,"column":13}}]},"21":{"type":"branch","line":67,"loc":{"start":{"line":67,"column":73},"end":{"line":69,"column":7}},"locations":[{"start":{"line":67,"column":73},"end":{"line":69,"column":7}}]},"22":{"type":"branch","line":73,"loc":{"start":{"line":73,"column":4},"end":{"line":79,"column":5}},"locations":[{"start":{"line":73,"column":4},"end":{"line":79,"column":5}}]},"23":{"type":"branch","line":74,"loc":{"start":{"line":74,"column":43},"end":{"line":76,"column":7}},"locations":[{"start":{"line":74,"column":43},"end":{"line":76,"column":7}}]},"24":{"type":"branch","line":86,"loc":{"start":{"line":86,"column":2},"end":{"line":109,"column":3}},"locations":[{"start":{"line":86,"column":2},"end":{"line":109,"column":3}}]},"25":{"type":"branch","line":88,"loc":{"start":{"line":88,"column":25},"end":{"line":88,"column":34}},"locations":[{"start":{"line":88,"column":25},"end":{"line":88,"column":34}}]},"26":{"type":"branch","line":92,"loc":{"start":{"line":92,"column":19},"end":{"line":94,"column":7}},"locations":[{"start":{"line":92,"column":19},"end":{"line":94,"column":7}}]},"27":{"type":"branch","line":94,"loc":{"start":{"line":94,"column":6},"end":{"line":96,"column":19}},"locations":[{"start":{"line":94,"column":6},"end":{"line":96,"column":19}}]},"28":{"type":"branch","line":96,"loc":{"start":{"line":96,"column":11},"end":{"line":96,"column":47}},"locations":[{"start":{"line":96,"column":11},"end":{"line":96,"column":47}}]},"29":{"type":"branch","line":96,"loc":{"start":{"line":96,"column":35},"end":{"line":96,"column":73}},"locations":[{"start":{"line":96,"column":35},"end":{"line":96,"column":73}}]},"30":{"type":"branch","line":96,"loc":{"start":{"line":96,"column":73},"end":{"line":98,"column":7}},"locations":[{"start":{"line":96,"column":73},"end":{"line":98,"column":7}}]},"31":{"type":"branch","line":98,"loc":{"start":{"line":98,"column":6},"end":{"line":100,"column":91}},"locations":[{"start":{"line":98,"column":6},"end":{"line":100,"column":91}}]},"32":{"type":"branch","line":100,"loc":{"start":{"line":100,"column":89},"end":{"line":102,"column":13}},"locations":[{"start":{"line":100,"column":89},"end":{"line":102,"column":13}}]},"33":{"type":"branch","line":102,"loc":{"start":{"line":102,"column":4},"end":{"line":108,"column":5}},"locations":[{"start":{"line":102,"column":4},"end":{"line":108,"column":5}}]},"34":{"type":"branch","line":103,"loc":{"start":{"line":103,"column":43},"end":{"line":105,"column":7}},"locations":[{"start":{"line":103,"column":43},"end":{"line":105,"column":7}}]},"35":{"type":"branch","line":115,"loc":{"start":{"line":115,"column":2},"end":{"line":133,"column":3}},"locations":[{"start":{"line":115,"column":2},"end":{"line":133,"column":3}}]},"36":{"type":"branch","line":117,"loc":{"start":{"line":117,"column":25},"end":{"line":117,"column":34}},"locations":[{"start":{"line":117,"column":25},"end":{"line":117,"column":34}}]},"37":{"type":"branch","line":120,"loc":{"start":{"line":120,"column":19},"end":{"line":122,"column":7}},"locations":[{"start":{"line":120,"column":19},"end":{"line":122,"column":7}}]},"38":{"type":"branch","line":122,"loc":{"start":{"line":122,"column":6},"end":{"line":132,"column":5}},"locations":[{"start":{"line":122,"column":6},"end":{"line":132,"column":5}}]},"39":{"type":"branch","line":124,"loc":{"start":{"line":124,"column":52},"end":{"line":132,"column":5}},"locations":[{"start":{"line":124,"column":52},"end":{"line":132,"column":5}}]},"40":{"type":"branch","line":124,"loc":{"start":{"line":124,"column":52},"end":{"line":126,"column":13}},"locations":[{"start":{"line":124,"column":52},"end":{"line":126,"column":13}}]},"41":{"type":"branch","line":126,"loc":{"start":{"line":126,"column":4},"end":{"line":132,"column":5}},"locations":[{"start":{"line":126,"column":4},"end":{"line":132,"column":5}}]},"42":{"type":"branch","line":127,"loc":{"start":{"line":127,"column":43},"end":{"line":129,"column":7}},"locations":[{"start":{"line":127,"column":43},"end":{"line":129,"column":7}}]}},"b":{"0":[7],"1":[6],"2":[1],"3":[6],"4":[5],"5":[2],"6":[0],"7":[5],"8":[4],"9":[1],"10":[4],"11":[2],"12":[3],"13":[0],"14":[38],"15":[37],"16":[1],"17":[37],"18":[36],"19":[36],"20":[35],"21":[2],"22":[3],"23":[0],"24":[8],"25":[7],"26":[1],"27":[7],"28":[6],"29":[6],"30":[1],"31":[6],"32":[3],"33":[5],"34":[0],"35":[8],"36":[7],"37":[1],"38":[7],"39":[6],"40":[3],"41":[5],"42":[0]},"fnMap":{"0":{"name":"getBoards","decl":{"start":{"line":11,"column":2},"end":{"line":28,"column":3}},"loc":{"start":{"line":11,"column":2},"end":{"line":28,"column":3}},"line":11},"1":{"name":"getBoard","decl":{"start":{"line":34,"column":2},"end":{"line":52,"column":3}},"loc":{"start":{"line":34,"column":2},"end":{"line":52,"column":3}},"line":34},"2":{"name":"createBoard","decl":{"start":{"line":58,"column":2},"end":{"line":80,"column":3}},"loc":{"start":{"line":58,"column":2},"end":{"line":80,"column":3}},"line":58},"3":{"name":"updateBoard","decl":{"start":{"line":86,"column":2},"end":{"line":109,"column":3}},"loc":{"start":{"line":86,"column":2},"end":{"line":109,"column":3}},"line":86},"4":{"name":"deleteBoard","decl":{"start":{"line":115,"column":2},"end":{"line":133,"column":3}},"loc":{"start":{"line":115,"column":2},"end":{"line":133,"column":3}},"line":115}},"f":{"0":7,"1":5,"2":38,"3":8,"4":8}}
,"C:\\Users\\cecil\\Desktop\\ada-tech-school\\adaboards\\adaboards-api\\src\\controllers\\membership.controller.ts": {"path":"C:\\Users\\cecil\\Desktop\\ada-tech-school\\adaboards\\adaboards-api\\src\\controllers\\membership.controller.ts","all":false,"statementMap":{"1":{"start":{"line":2,"column":0},"end":{"line":2,"column":67}},"3":{"start":{"line":4,"column":0},"end":{"line":4,"column":63}},"4":{"start":{"line":5,"column":0},"end":{"line":5,"column":41}},"6":{"start":{"line":7,"column":0},"end":{"line":7,"column":35}},"11":{"start":{"line":12,"column":0},"end":{"line":12,"column":54}},"12":{"start":{"line":13,"column":0},"end":{"line":13,"column":9}},"13":{"start":{"line":14,"column":0},"end":{"line":14,"column":34}},"14":{"start":{"line":15,"column":0},"end":{"line":15,"column":41}},"16":{"start":{"line":17,"column":0},"end":{"line":17,"column":20}},"17":{"start":{"line":18,"column":0},"end":{"line":18,"column":38}},"18":{"start":{"line":19,"column":0},"end":{"line":19,"column":7}},"20":{"start":{"line":21,"column":0},"end":{"line":21,"column":79}},"21":{"start":{"line":22,"column":0},"end":{"line":22,"column":31}},"22":{"start":{"line":23,"column":0},"end":{"line":23,"column":21}},"23":{"start":{"line":24,"column":0},"end":{"line":24,"column":44}},"24":{"start":{"line":25,"column":0},"end":{"line":25,"column":62}},"25":{"start":{"line":26,"column":0},"end":{"line":26,"column":7}},"26":{"start":{"line":27,"column":0},"end":{"line":27,"column":47}},"27":{"start":{"line":28,"column":0},"end":{"line":28,"column":43}},"28":{"start":{"line":29,"column":0},"end":{"line":29,"column":5}},"29":{"start":{"line":30,"column":0},"end":{"line":30,"column":3}},"35":{"start":{"line":36,"column":0},"end":{"line":36,"column":48}},"36":{"start":{"line":37,"column":0},"end":{"line":37,"column":9}},"37":{"start":{"line":38,"column":0},"end":{"line":38,"column":34}},"38":{"start":{"line":39,"column":0},"end":{"line":39,"column":41}},"39":{"start":{"line":40,"column":0},"end":{"line":40,"column":54}},"41":{"start":{"line":42,"column":0},"end":{"line":42,"column":20}},"42":{"start":{"line":43,"column":0},"end":{"line":43,"column":38}},"43":{"start":{"line":44,"column":0},"end":{"line":44,"column":7}},"46":{"start":{"line":47,"column":0},"end":{"line":47,"column":62}},"47":{"start":{"line":48,"column":0},"end":{"line":48,"column":57}},"48":{"start":{"line":49,"column":0},"end":{"line":49,"column":7}},"51":{"start":{"line":52,"column":0},"end":{"line":52,"column":67}},"52":{"start":{"line":53,"column":0},"end":{"line":53,"column":42}},"53":{"start":{"line":54,"column":0},"end":{"line":54,"column":45}},"54":{"start":{"line":55,"column":0},"end":{"line":55,"column":88}},"55":{"start":{"line":56,"column":0},"end":{"line":56,"column":7}},"57":{"start":{"line":58,"column":0},"end":{"line":58,"column":98}},"58":{"start":{"line":59,"column":0},"end":{"line":59,"column":42}},"59":{"start":{"line":60,"column":0},"end":{"line":60,"column":21}},"60":{"start":{"line":61,"column":0},"end":{"line":61,"column":44}},"61":{"start":{"line":62,"column":0},"end":{"line":62,"column":53}},"62":{"start":{"line":63,"column":0},"end":{"line":63,"column":7}},"63":{"start":{"line":64,"column":0},"end":{"line":64,"column":47}},"64":{"start":{"line":65,"column":0},"end":{"line":65,"column":43}},"65":{"start":{"line":66,"column":0},"end":{"line":66,"column":5}},"66":{"start":{"line":67,"column":0},"end":{"line":67,"column":3}},"72":{"start":{"line":73,"column":0},"end":{"line":73,"column":55}},"73":{"start":{"line":74,"column":0},"end":{"line":74,"column":9}},"74":{"start":{"line":75,"column":0},"end":{"line":75,"column":41}},"75":{"start":{"line":76,"column":0},"end":{"line":76,"column":41}},"76":{"start":{"line":77,"column":0},"end":{"line":77,"column":45}},"77":{"start":{"line":78,"column":0},"end":{"line":78,"column":32}},"79":{"start":{"line":80,"column":0},"end":{"line":80,"column":27}},"80":{"start":{"line":81,"column":0},"end":{"line":81,"column":38}},"81":{"start":{"line":82,"column":0},"end":{"line":82,"column":7}},"84":{"start":{"line":85,"column":0},"end":{"line":85,"column":67}},"85":{"start":{"line":86,"column":0},"end":{"line":86,"column":48}},"86":{"start":{"line":87,"column":0},"end":{"line":87,"column":88}},"87":{"start":{"line":88,"column":0},"end":{"line":88,"column":7}},"89":{"start":{"line":90,"column":0},"end":{"line":90,"column":106}},"90":{"start":{"line":91,"column":0},"end":{"line":91,"column":30}},"91":{"start":{"line":92,"column":0},"end":{"line":92,"column":21}},"92":{"start":{"line":93,"column":0},"end":{"line":93,"column":44}},"93":{"start":{"line":94,"column":0},"end":{"line":94,"column":60}},"94":{"start":{"line":95,"column":0},"end":{"line":95,"column":7}},"95":{"start":{"line":96,"column":0},"end":{"line":96,"column":47}},"96":{"start":{"line":97,"column":0},"end":{"line":97,"column":43}},"97":{"start":{"line":98,"column":0},"end":{"line":98,"column":5}},"98":{"start":{"line":99,"column":0},"end":{"line":99,"column":3}},"104":{"start":{"line":105,"column":0},"end":{"line":105,"column":51}},"105":{"start":{"line":106,"column":0},"end":{"line":106,"column":9}},"106":{"start":{"line":107,"column":0},"end":{"line":107,"column":41}},"107":{"start":{"line":108,"column":0},"end":{"line":108,"column":41}},"108":{"start":{"line":109,"column":0},"end":{"line":109,"column":45}},"110":{"start":{"line":111,"column":0},"end":{"line":111,"column":27}},"111":{"start":{"line":112,"column":0},"end":{"line":112,"column":38}},"112":{"start":{"line":113,"column":0},"end":{"line":113,"column":7}},"114":{"start":{"line":115,"column":0},"end":{"line":115,"column":81}},"115":{"start":{"line":116,"column":0},"end":{"line":116,"column":36}},"116":{"start":{"line":117,"column":0},"end":{"line":117,"column":21}},"117":{"start":{"line":118,"column":0},"end":{"line":118,"column":44}},"118":{"start":{"line":119,"column":0},"end":{"line":119,"column":55}},"119":{"start":{"line":120,"column":0},"end":{"line":120,"column":7}},"120":{"start":{"line":121,"column":0},"end":{"line":121,"column":47}},"121":{"start":{"line":122,"column":0},"end":{"line":122,"column":43}},"122":{"start":{"line":123,"column":0},"end":{"line":123,"column":5}},"123":{"start":{"line":124,"column":0},"end":{"line":124,"column":3}},"129":{"start":{"line":130,"column":0},"end":{"line":130,"column":50}},"130":{"start":{"line":131,"column":0},"end":{"line":131,"column":9}},"131":{"start":{"line":132,"column":0},"end":{"line":132,"column":34}},"132":{"start":{"line":133,"column":0},"end":{"line":133,"column":42}},"133":{"start":{"line":134,"column":0},"end":{"line":134,"column":83}},"135":{"start":{"line":136,"column":0},"end":{"line":136,"column":20}},"136":{"start":{"line":137,"column":0},"end":{"line":137,"column":38}},"137":{"start":{"line":138,"column":0},"end":{"line":138,"column":7}},"139":{"start":{"line":140,"column":0},"end":{"line":140,"column":78}},"140":{"start":{"line":141,"column":0},"end":{"line":141,"column":29}},"141":{"start":{"line":142,"column":0},"end":{"line":142,"column":21}},"142":{"start":{"line":143,"column":0},"end":{"line":143,"column":44}},"143":{"start":{"line":144,"column":0},"end":{"line":144,"column":55}},"144":{"start":{"line":145,"column":0},"end":{"line":145,"column":7}},"145":{"start":{"line":146,"column":0},"end":{"line":146,"column":47}},"146":{"start":{"line":147,"column":0},"end":{"line":147,"column":43}},"147":{"start":{"line":148,"column":0},"end":{"line":148,"column":5}},"148":{"start":{"line":149,"column":0},"end":{"line":149,"column":3}},"149":{"start":{"line":150,"column":0},"end":{"line":150,"column":1}},"151":{"start":{"line":152,"column":0},"end":{"line":152,"column":63}}},"s":{"1":1,"3":1,"4":1,"6":1,"11":1,"12":18,"13":18,"14":18,"16":18,"17":1,"18":1,"20":17,"21":14,"22":17,"23":4,"24":0,"25":0,"26":4,"27":4,"28":4,"29":18,"35":1,"36":44,"37":44,"38":44,"39":44,"41":44,"42":0,"43":0,"46":44,"47":1,"48":1,"51":43,"52":44,"53":44,"54":1,"55":1,"57":42,"58":38,"59":44,"60":6,"61":0,"62":0,"63":6,"64":6,"65":6,"66":44,"72":1,"73":6,"74":6,"75":6,"76":6,"77":6,"79":6,"80":0,"81":0,"84":6,"85":6,"86":1,"87":1,"89":5,"90":2,"91":6,"92":4,"93":0,"94":0,"95":4,"96":4,"97":4,"98":6,"104":1,"105":16,"106":16,"107":16,"108":16,"110":16,"111":0,"112":0,"114":16,"115":10,"116":13,"117":6,"118":0,"119":0,"120":6,"121":6,"122":6,"123":16,"129":1,"130":5,"131":5,"132":5,"133":5,"135":5,"136":1,"137":1,"139":4,"140":4,"141":5,"142":1,"143":0,"144":0,"145":1,"146":1,"147":1,"148":5,"149":1,"151":1},"branchMap":{"0":{"type":"branch","line":12,"loc":{"start":{"line":12,"column":2},"end":{"line":30,"column":3}},"locations":[{"start":{"line":12,"column":2},"end":{"line":30,"column":3}}]},"1":{"type":"branch","line":14,"loc":{"start":{"line":14,"column":25},"end":{"line":14,"column":34}},"locations":[{"start":{"line":14,"column":25},"end":{"line":14,"column":34}}]},"2":{"type":"branch","line":17,"loc":{"start":{"line":17,"column":19},"end":{"line":19,"column":7}},"locations":[{"start":{"line":17,"column":19},"end":{"line":19,"column":7}}]},"3":{"type":"branch","line":19,"loc":{"start":{"line":19,"column":6},"end":{"line":29,"column":5}},"locations":[{"start":{"line":19,"column":6},"end":{"line":29,"column":5}}]},"4":{"type":"branch","line":21,"loc":{"start":{"line":21,"column":77},"end":{"line":23,"column":13}},"locations":[{"start":{"line":21,"column":77},"end":{"line":23,"column":13}}]},"5":{"type":"branch","line":23,"loc":{"start":{"line":23,"column":4},"end":{"line":29,"column":5}},"locations":[{"start":{"line":23,"column":4},"end":{"line":29,"column":5}}]},"6":{"type":"branch","line":24,"loc":{"start":{"line":24,"column":43},"end":{"line":26,"column":7}},"locations":[{"start":{"line":24,"column":43},"end":{"line":26,"column":7}}]},"7":{"type":"branch","line":36,"loc":{"start":{"line":36,"column":2},"end":{"line":67,"column":3}},"locations":[{"start":{"line":36,"column":2},"end":{"line":67,"column":3}}]},"8":{"type":"branch","line":42,"loc":{"start":{"line":42,"column":19},"end":{"line":44,"column":7}},"locations":[{"start":{"line":42,"column":19},"end":{"line":44,"column":7}}]},"9":{"type":"branch","line":47,"loc":{"start":{"line":47,"column":11},"end":{"line":47,"column":61}},"locations":[{"start":{"line":47,"column":11},"end":{"line":47,"column":61}}]},"10":{"type":"branch","line":47,"loc":{"start":{"line":47,"column":61},"end":{"line":49,"column":7}},"locations":[{"start":{"line":47,"column":61},"end":{"line":49,"column":7}}]},"11":{"type":"branch","line":49,"loc":{"start":{"line":49,"column":6},"end":{"line":53,"column":33}},"locations":[{"start":{"line":49,"column":6},"end":{"line":53,"column":33}}]},"12":{"type":"branch","line":53,"loc":{"start":{"line":53,"column":25},"end":{"line":53,"column":42}},"locations":[{"start":{"line":53,"column":25},"end":{"line":53,"column":42}}]},"13":{"type":"branch","line":54,"loc":{"start":{"line":54,"column":44},"end":{"line":56,"column":7}},"locations":[{"start":{"line":54,"column":44},"end":{"line":56,"column":7}}]},"14":{"type":"branch","line":56,"loc":{"start":{"line":56,"column":6},"end":{"line":58,"column":98}},"locations":[{"start":{"line":56,"column":6},"end":{"line":58,"column":98}}]},"15":{"type":"branch","line":58,"loc":{"start":{"line":58,"column":96},"end":{"line":60,"column":13}},"locations":[{"start":{"line":58,"column":96},"end":{"line":60,"column":13}}]},"16":{"type":"branch","line":60,"loc":{"start":{"line":60,"column":4},"end":{"line":66,"column":5}},"locations":[{"start":{"line":60,"column":4},"end":{"line":66,"column":5}}]},"17":{"type":"branch","line":61,"loc":{"start":{"line":61,"column":43},"end":{"line":63,"column":7}},"locations":[{"start":{"line":61,"column":43},"end":{"line":63,"column":7}}]},"18":{"type":"branch","line":73,"loc":{"start":{"line":73,"column":2},"end":{"line":99,"column":3}},"locations":[{"start":{"line":73,"column":2},"end":{"line":99,"column":3}}]},"19":{"type":"branch","line":80,"loc":{"start":{"line":80,"column":26},"end":{"line":82,"column":7}},"locations":[{"start":{"line":80,"column":26},"end":{"line":82,"column":7}}]},"20":{"type":"branch","line":86,"loc":{"start":{"line":86,"column":11},"end":{"line":86,"column":47}},"locations":[{"start":{"line":86,"column":11},"end":{"line":86,"column":47}}]},"21":{"type":"branch","line":86,"loc":{"start":{"line":86,"column":47},"end":{"line":88,"column":7}},"locations":[{"start":{"line":86,"column":47},"end":{"line":88,"column":7}}]},"22":{"type":"branch","line":88,"loc":{"start":{"line":88,"column":6},"end":{"line":90,"column":106}},"locations":[{"start":{"line":88,"column":6},"end":{"line":90,"column":106}}]},"23":{"type":"branch","line":90,"loc":{"start":{"line":90,"column":104},"end":{"line":92,"column":13}},"locations":[{"start":{"line":90,"column":104},"end":{"line":92,"column":13}}]},"24":{"type":"branch","line":92,"loc":{"start":{"line":92,"column":4},"end":{"line":98,"column":5}},"locations":[{"start":{"line":92,"column":4},"end":{"line":98,"column":5}}]},"25":{"type":"branch","line":93,"loc":{"start":{"line":93,"column":43},"end":{"line":95,"column":7}},"locations":[{"start":{"line":93,"column":43},"end":{"line":95,"column":7}}]},"26":{"type":"branch","line":105,"loc":{"start":{"line":105,"column":2},"end":{"line":124,"column":3}},"locations":[{"start":{"line":105,"column":2},"end":{"line":124,"column":3}}]},"27":{"type":"branch","line":111,"loc":{"start":{"line":111,"column":26},"end":{"line":113,"column":7}},"locations":[{"start":{"line":111,"column":26},"end":{"line":113,"column":7}}]},"28":{"type":"branch","line":115,"loc":{"start":{"line":115,"column":79},"end":{"line":123,"column":5}},"locations":[{"start":{"line":115,"column":79},"end":{"line":123,"column":5}}]},"29":{"type":"branch","line":115,"loc":{"start":{"line":115,"column":79},"end":{"line":117,"column":13}},"locations":[{"start":{"line":115,"column":79},"end":{"line":117,"column":13}}]},"30":{"type":"branch","line":117,"loc":{"start":{"line":117,"column":4},"end":{"line":123,"column":5}},"locations":[{"start":{"line":117,"column":4},"end":{"line":123,"column":5}}]},"31":{"type":"branch","line":118,"loc":{"start":{"line":118,"column":43},"end":{"line":120,"column":7}},"locations":[{"start":{"line":118,"column":43},"end":{"line":120,"column":7}}]},"32":{"type":"branch","line":130,"loc":{"start":{"line":130,"column":2},"end":{"line":149,"column":3}},"locations":[{"start":{"line":130,"column":2},"end":{"line":149,"column":3}}]},"33":{"type":"branch","line":132,"loc":{"start":{"line":132,"column":25},"end":{"line":132,"column":34}},"locations":[{"start":{"line":132,"column":25},"end":{"line":132,"column":34}}]},"34":{"type":"branch","line":134,"loc":{"start":{"line":134,"column":30},"end":{"line":134,"column":80}},"locations":[{"start":{"line":134,"column":30},"end":{"line":134,"column":80}}]},"35":{"type":"branch","line":136,"loc":{"start":{"line":136,"column":19},"end":{"line":138,"column":7}},"locations":[{"start":{"line":136,"column":19},"end":{"line":138,"column":7}}]},"36":{"type":"branch","line":138,"loc":{"start":{"line":138,"column":6},"end":{"line":142,"column":13}},"locations":[{"start":{"line":138,"column":6},"end":{"line":142,"column":13}}]},"37":{"type":"branch","line":142,"loc":{"start":{"line":142,"column":4},"end":{"line":148,"column":5}},"locations":[{"start":{"line":142,"column":4},"end":{"line":148,"column":5}}]},"38":{"type":"branch","line":143,"loc":{"start":{"line":143,"column":43},"end":{"line":145,"column":7}},"locations":[{"start":{"line":143,"column":43},"end":{"line":145,"column":7}}]}},"b":{"0":[18],"1":[17],"2":[1],"3":[17],"4":[14],"5":[4],"6":[0],"7":[44],"8":[0],"9":[43],"10":[1],"11":[43],"12":[1],"13":[1],"14":[42],"15":[38],"16":[6],"17":[0],"18":[6],"19":[0],"20":[5],"21":[1],"22":[5],"23":[2],"24":[4],"25":[0],"26":[16],"27":[0],"28":[13],"29":[10],"30":[6],"31":[0],"32":[5],"33":[4],"34":[0],"35":[1],"36":[4],"37":[1],"38":[0]},"fnMap":{"0":{"name":"getBoardMembers","decl":{"start":{"line":12,"column":2},"end":{"line":30,"column":3}},"loc":{"start":{"line":12,"column":2},"end":{"line":30,"column":3}},"line":12},"1":{"name":"addMember","decl":{"start":{"line":36,"column":2},"end":{"line":67,"column":3}},"loc":{"start":{"line":36,"column":2},"end":{"line":67,"column":3}},"line":36},"2":{"name":"updateMemberRole","decl":{"start":{"line":73,"column":2},"end":{"line":99,"column":3}},"loc":{"start":{"line":73,"column":2},"end":{"line":99,"column":3}},"line":73},"3":{"name":"removeMember","decl":{"start":{"line":105,"column":2},"end":{"line":124,"column":3}},"loc":{"start":{"line":105,"column":2},"end":{"line":124,"column":3}},"line":105},"4":{"name":"searchUsers","decl":{"start":{"line":130,"column":2},"end":{"line":149,"column":3}},"loc":{"start":{"line":130,"column":2},"end":{"line":149,"column":3}},"line":130}},"f":{"0":18,"1":44,"2":6,"3":16,"4":5}}
,"C:\\Users\\cecil\\Desktop\\ada-tech-school\\adaboards\\adaboards-api\\src\\controllers\\task.controller.ts": {"path":"C:\\Users\\cecil\\Desktop\\ada-tech-school\\adaboards\\adaboards-api\\src\\controllers\\task.controller.ts","all":false,"statementMap":{"1":{"start":{"line":2,"column":0},"end":{"line":2,"column":55}},"3":{"start":{"line":4,"column":0},"end":{"line":4,"column":63}},"4":{"start":{"line":5,"column":0},"end":{"line":5,"column":41}},"6":{"start":{"line":7,"column":0},"end":{"line":7,"column":29}},"11":{"start":{"line":12,"column":0},"end":{"line":12,"column":47}},"12":{"start":{"line":13,"column":0},"end":{"line":13,"column":9}},"13":{"start":{"line":14,"column":0},"end":{"line":14,"column":34}},"14":{"start":{"line":15,"column":0},"end":{"line":15,"column":41}},"16":{"start":{"line":17,"column":0},"end":{"line":17,"column":20}},"17":{"start":{"line":18,"column":0},"end":{"line":18,"column":38}},"18":{"start":{"line":19,"column":0},"end":{"line":19,"column":7}},"20":{"start":{"line":21,"column":0},"end":{"line":21,"column":69}},"21":{"start":{"line":22,"column":0},"end":{"line":22,"column":29}},"22":{"start":{"line":23,"column":0},"end":{"line":23,"column":21}},"23":{"start":{"line":24,"column":0},"end":{"line":24,"column":44}},"24":{"start":{"line":25,"column":0},"end":{"line":25,"column":54}},"25":{"start":{"line":26,"column":0},"end":{"line":26,"column":7}},"26":{"start":{"line":27,"column":0},"end":{"line":27,"column":47}},"27":{"start":{"line":28,"column":0},"end":{"line":28,"column":43}},"28":{"start":{"line":29,"column":0},"end":{"line":29,"column":5}},"29":{"start":{"line":30,"column":0},"end":{"line":30,"column":3}},"35":{"start":{"line":36,"column":0},"end":{"line":36,"column":49}},"36":{"start":{"line":37,"column":0},"end":{"line":37,"column":9}},"37":{"start":{"line":38,"column":0},"end":{"line":38,"column":34}},"38":{"start":{"line":39,"column":0},"end":{"line":39,"column":41}},"39":{"start":{"line":40,"column":0},"end":{"line":40,"column":66}},"41":{"start":{"line":42,"column":0},"end":{"line":42,"column":20}},"42":{"start":{"line":43,"column":0},"end":{"line":43,"column":38}},"43":{"start":{"line":44,"column":0},"end":{"line":44,"column":7}},"46":{"start":{"line":47,"column":0},"end":{"line":47,"column":77}},"47":{"start":{"line":48,"column":0},"end":{"line":48,"column":60}},"48":{"start":{"line":49,"column":0},"end":{"line":49,"column":7}},"51":{"start":{"line":52,"column":0},"end":{"line":52,"column":72}},"52":{"start":{"line":53,"column":0},"end":{"line":53,"column":88}},"53":{"start":{"line":54,"column":0},"end":{"line":54,"column":7}},"55":{"start":{"line":56,"column":0},"end":{"line":56,"column":66}},"56":{"start":{"line":57,"column":0},"end":{"line":57,"column":28}},"57":{"start":{"line":58,"column":0},"end":{"line":58,"column":41}},"58":{"start":{"line":59,"column":0},"end":{"line":59,"column":37}},"59":{"start":{"line":60,"column":0},"end":{"line":60,"column":19}},"60":{"start":{"line":61,"column":0},"end":{"line":61,"column":9}},"62":{"start":{"line":63,"column":0},"end":{"line":63,"column":40}},"63":{"start":{"line":64,"column":0},"end":{"line":64,"column":21}},"64":{"start":{"line":65,"column":0},"end":{"line":65,"column":44}},"65":{"start":{"line":66,"column":0},"end":{"line":66,"column":53}},"66":{"start":{"line":67,"column":0},"end":{"line":67,"column":7}},"67":{"start":{"line":68,"column":0},"end":{"line":68,"column":47}},"68":{"start":{"line":69,"column":0},"end":{"line":69,"column":43}},"69":{"start":{"line":70,"column":0},"end":{"line":70,"column":5}},"70":{"start":{"line":71,"column":0},"end":{"line":71,"column":3}},"76":{"start":{"line":77,"column":0},"end":{"line":77,"column":49}},"77":{"start":{"line":78,"column":0},"end":{"line":78,"column":9}},"78":{"start":{"line":79,"column":0},"end":{"line":79,"column":34}},"79":{"start":{"line":80,"column":0},"end":{"line":80,"column":45}},"80":{"start":{"line":81,"column":0},"end":{"line":81,"column":66}},"82":{"start":{"line":83,"column":0},"end":{"line":83,"column":20}},"83":{"start":{"line":84,"column":0},"end":{"line":84,"column":38}},"84":{"start":{"line":85,"column":0},"end":{"line":85,"column":7}},"87":{"start":{"line":88,"column":0},"end":{"line":88,"column":92}},"88":{"start":{"line":89,"column":0},"end":{"line":89,"column":64}},"89":{"start":{"line":90,"column":0},"end":{"line":90,"column":7}},"92":{"start":{"line":93,"column":0},"end":{"line":93,"column":72}},"93":{"start":{"line":94,"column":0},"end":{"line":94,"column":88}},"94":{"start":{"line":95,"column":0},"end":{"line":95,"column":7}},"96":{"start":{"line":97,"column":0},"end":{"line":97,"column":33}},"97":{"start":{"line":98,"column":0},"end":{"line":98,"column":63}},"98":{"start":{"line":99,"column":0},"end":{"line":99,"column":82}},"99":{"start":{"line":100,"column":0},"end":{"line":100,"column":73}},"100":{"start":{"line":101,"column":0},"end":{"line":101,"column":71}},"102":{"start":{"line":103,"column":0},"end":{"line":103,"column":85}},"103":{"start":{"line":104,"column":0},"end":{"line":104,"column":28}},"104":{"start":{"line":105,"column":0},"end":{"line":105,"column":21}},"105":{"start":{"line":106,"column":0},"end":{"line":106,"column":44}},"106":{"start":{"line":107,"column":0},"end":{"line":107,"column":53}},"107":{"start":{"line":108,"column":0},"end":{"line":108,"column":7}},"108":{"start":{"line":109,"column":0},"end":{"line":109,"column":47}},"109":{"start":{"line":110,"column":0},"end":{"line":110,"column":43}},"110":{"start":{"line":111,"column":0},"end":{"line":111,"column":5}},"111":{"start":{"line":112,"column":0},"end":{"line":112,"column":3}},"117":{"start":{"line":118,"column":0},"end":{"line":118,"column":49}},"118":{"start":{"line":119,"column":0},"end":{"line":119,"column":9}},"119":{"start":{"line":120,"column":0},"end":{"line":120,"column":34}},"120":{"start":{"line":121,"column":0},"end":{"line":121,"column":45}},"122":{"start":{"line":123,"column":0},"end":{"line":123,"column":20}},"123":{"start":{"line":124,"column":0},"end":{"line":124,"column":38}},"124":{"start":{"line":125,"column":0},"end":{"line":125,"column":7}},"126":{"start":{"line":127,"column":0},"end":{"line":127,"column":60}},"127":{"start":{"line":128,"column":0},"end":{"line":128,"column":36}},"128":{"start":{"line":129,"column":0},"end":{"line":129,"column":21}},"129":{"start":{"line":130,"column":0},"end":{"line":130,"column":44}},"130":{"start":{"line":131,"column":0},"end":{"line":131,"column":53}},"131":{"start":{"line":132,"column":0},"end":{"line":132,"column":7}},"132":{"start":{"line":133,"column":0},"end":{"line":133,"column":47}},"133":{"start":{"line":134,"column":0},"end":{"line":134,"column":43}},"134":{"start":{"line":135,"column":0},"end":{"line":135,"column":5}},"135":{"start":{"line":136,"column":0},"end":{"line":136,"column":3}},"136":{"start":{"line":137,"column":0},"end":{"line":137,"column":1}},"138":{"start":{"line":139,"column":0},"end":{"line":139,"column":51}}},"s":{"1":1,"3":1,"4":1,"6":1,"11":1,"12":3,"13":3,"14":3,"16":3,"17":1,"18":1,"20":2,"21":1,"22":3,"23":2,"24":0,"25":0,"26":2,"27":2,"28":2,"29":3,"35":1,"36":6,"37":6,"38":6,"39":6,"41":6,"42":1,"43":1,"46":6,"47":2,"48":2,"51":6,"52":1,"53":1,"55":2,"56":2,"57":6,"58":6,"59":6,"60":6,"62":2,"63":6,"64":4,"65":0,"66":0,"67":4,"68":4,"69":4,"70":6,"76":1,"77":5,"78":5,"79":5,"80":5,"82":5,"83":1,"84":1,"87":5,"88":1,"89":1,"92":5,"93":1,"94":1,"96":2,"97":2,"98":5,"99":5,"100":5,"102":2,"103":1,"104":5,"105":4,"106":0,"107":0,"108":4,"109":4,"110":4,"111":5,"117":1,"118":4,"119":4,"120":4,"122":4,"123":1,"124":1,"126":3,"127":1,"128":4,"129":3,"130":0,"131":0,"132":3,"133":3,"134":3,"135":4,"136":1,"138":1},"branchMap":{"0":{"type":"branch","line":12,"loc":{"start":{"line":12,"column":2},"end":{"line":30,"column":3}},"locations":[{"start":{"line":12,"column":2},"end":{"line":30,"column":3}}]},"1":{"type":"branch","line":14,"loc":{"start":{"line":14,"column":25},"end":{"line":14,"column":34}},"locations":[{"start":{"line":14,"column":25},"end":{"line":14,"column":34}}]},"2":{"type":"branch","line":17,"loc":{"start":{"line":17,"column":19},"end":{"line":19,"column":7}},"locations":[{"start":{"line":17,"column":19},"end":{"line":19,"column":7}}]},"3":{"type":"branch","line":19,"loc":{"start":{"line":19,"column":6},"end":{"line":21,"column":69}},"locations":[{"start":{"line":19,"column":6},"end":{"line":21,"column":69}}]},"4":{"type":"branch","line":21,"loc":{"start":{"line":21,"column":67},"end":{"line":23,"column":13}},"locations":[{"start":{"line":21,"column":67},"end":{"line":23,"column":13}}]},"5":{"type":"branch","line":23,"loc":{"start":{"line":23,"column":4},"end":{"line":29,"column":5}},"locations":[{"start":{"line":23,"column":4},"end":{"line":29,"column":5}}]},"6":{"type":"branch","line":24,"loc":{"start":{"line":24,"column":43},"end":{"line":26,"column":7}},"locations":[{"start":{"line":24,"column":43},"end":{"line":26,"column":7}}]},"7":{"type":"branch","line":36,"loc":{"start":{"line":36,"column":2},"end":{"line":71,"column":3}},"locations":[{"start":{"line":36,"column":2},"end":{"line":71,"column":3}}]},"8":{"type":"branch","line":38,"loc":{"start":{"line":38,"column":25},"end":{"line":38,"column":34}},"locations":[{"start":{"line":38,"column":25},"end":{"line":38,"column":34}}]},"9":{"type":"branch","line":42,"loc":{"start":{"line":42,"column":19},"end":{"line":44,"column":7}},"locations":[{"start":{"line":42,"column":19},"end":{"line":44,"column":7}}]},"10":{"type":"branch","line":44,"loc":{"start":{"line":44,"column":6},"end":{"line":47,"column":20}},"locations":[{"start":{"line":44,"column":6},"end":{"line":47,"column":20}}]},"11":{"type":"branch","line":47,"loc":{"start":{"line":47,"column":11},"end":{"line":47,"column":49}},"locations":[{"start":{"line":47,"column":11},"end":{"line":47,"column":49}}]},"12":{"type":"branch","line":47,"loc":{"start":{"line":47,"column":37},"end":{"line":47,"column":76}},"locations":[{"start":{"line":47,"column":37},"end":{"line":47,"column":76}}]},"13":{"type":"branch","line":47,"loc":{"start":{"line":47,"column":76},"end":{"line":49,"column":7}},"locations":[{"start":{"line":47,"column":76},"end":{"line":49,"column":7}}]},"14":{"type":"branch","line":49,"loc":{"start":{"line":49,"column":6},"end":{"line":52,"column":20}},"locations":[{"start":{"line":49,"column":6},"end":{"line":52,"column":20}}]},"15":{"type":"branch","line":52,"loc":{"start":{"line":52,"column":10},"end":{"line":52,"column":71}},"locations":[{"start":{"line":52,"column":10},"end":{"line":52,"column":71}}]},"16":{"type":"branch","line":52,"loc":{"start":{"line":52,"column":71},"end":{"line":54,"column":7}},"locations":[{"start":{"line":52,"column":71},"end":{"line":54,"column":7}}]},"17":{"type":"branch","line":54,"loc":{"start":{"line":54,"column":6},"end":{"line":58,"column":39}},"locations":[{"start":{"line":54,"column":6},"end":{"line":58,"column":39}}]},"18":{"type":"branch","line":61,"loc":{"start":{"line":61,"column":7},"end":{"line":64,"column":13}},"locations":[{"start":{"line":61,"column":7},"end":{"line":64,"column":13}}]},"19":{"type":"branch","line":64,"loc":{"start":{"line":64,"column":4},"end":{"line":70,"column":5}},"locations":[{"start":{"line":64,"column":4},"end":{"line":70,"column":5}}]},"20":{"type":"branch","line":65,"loc":{"start":{"line":65,"column":43},"end":{"line":67,"column":7}},"locations":[{"start":{"line":65,"column":43},"end":{"line":67,"column":7}}]},"21":{"type":"branch","line":77,"loc":{"start":{"line":77,"column":2},"end":{"line":112,"column":3}},"locations":[{"start":{"line":77,"column":2},"end":{"line":112,"column":3}}]},"22":{"type":"branch","line":79,"loc":{"start":{"line":79,"column":25},"end":{"line":79,"column":34}},"locations":[{"start":{"line":79,"column":25},"end":{"line":79,"column":34}}]},"23":{"type":"branch","line":83,"loc":{"start":{"line":83,"column":19},"end":{"line":85,"column":7}},"locations":[{"start":{"line":83,"column":19},"end":{"line":85,"column":7}}]},"24":{"type":"branch","line":85,"loc":{"start":{"line":85,"column":6},"end":{"line":88,"column":34}},"locations":[{"start":{"line":85,"column":6},"end":{"line":88,"column":34}}]},"25":{"type":"branch","line":88,"loc":{"start":{"line":88,"column":20},"end":{"line":88,"column":91}},"locations":[{"start":{"line":88,"column":20},"end":{"line":88,"column":91}}]},"26":{"type":"branch","line":88,"loc":{"start":{"line":88,"column":91},"end":{"line":90,"column":7}},"locations":[{"start":{"line":88,"column":91},"end":{"line":90,"column":7}}]},"27":{"type":"branch","line":90,"loc":{"start":{"line":90,"column":6},"end":{"line":93,"column":20}},"locations":[{"start":{"line":90,"column":6},"end":{"line":93,"column":20}}]},"28":{"type":"branch","line":93,"loc":{"start":{"line":93,"column":10},"end":{"line":93,"column":71}},"locations":[{"start":{"line":93,"column":10},"end":{"line":93,"column":71}}]},"29":{"type":"branch","line":93,"loc":{"start":{"line":93,"column":71},"end":{"line":95,"column":7}},"locations":[{"start":{"line":93,"column":71},"end":{"line":95,"column":7}}]},"30":{"type":"branch","line":95,"loc":{"start":{"line":95,"column":6},"end":{"line":99,"column":48}},"locations":[{"start":{"line":95,"column":6},"end":{"line":99,"column":48}}]},"31":{"type":"branch","line":99,"loc":{"start":{"line":99,"column":37},"end":{"line":99,"column":82}},"locations":[{"start":{"line":99,"column":37},"end":{"line":99,"column":82}}]},"32":{"type":"branch","line":99,"loc":{"start":{"line":99,"column":80},"end":{"line":100,"column":43}},"locations":[{"start":{"line":99,"column":80},"end":{"line":100,"column":43}}]},"33":{"type":"branch","line":100,"loc":{"start":{"line":100,"column":32},"end":{"line":100,"column":73}},"locations":[{"start":{"line":100,"column":32},"end":{"line":100,"column":73}}]},"34":{"type":"branch","line":100,"loc":{"start":{"line":100,"column":52},"end":{"line":101,"column":47}},"locations":[{"start":{"line":100,"column":52},"end":{"line":101,"column":47}}]},"35":{"type":"branch","line":101,"loc":{"start":{"line":101,"column":36},"end":{"line":101,"column":71}},"locations":[{"start":{"line":101,"column":36},"end":{"line":101,"column":71}}]},"36":{"type":"branch","line":101,"loc":{"start":{"line":101,"column":60},"end":{"line":103,"column":85}},"locations":[{"start":{"line":101,"column":60},"end":{"line":103,"column":85}}]},"37":{"type":"branch","line":103,"loc":{"start":{"line":103,"column":83},"end":{"line":105,"column":13}},"locations":[{"start":{"line":103,"column":83},"end":{"line":105,"column":13}}]},"38":{"type":"branch","line":105,"loc":{"start":{"line":105,"column":4},"end":{"line":111,"column":5}},"locations":[{"start":{"line":105,"column":4},"end":{"line":111,"column":5}}]},"39":{"type":"branch","line":106,"loc":{"start":{"line":106,"column":43},"end":{"line":108,"column":7}},"locations":[{"start":{"line":106,"column":43},"end":{"line":108,"column":7}}]},"40":{"type":"branch","line":118,"loc":{"start":{"line":118,"column":2},"end":{"line":136,"column":3}},"locations":[{"start":{"line":118,"column":2},"end":{"line":136,"column":3}}]},"41":{"type":"branch","line":120,"loc":{"start":{"line":120,"column":25},"end":{"line":120,"column":34}},"locations":[{"start":{"line":120,"column":25},"end":{"line":120,"column":34}}]},"42":{"type":"branch","line":123,"loc":{"start":{"line":123,"column":19},"end":{"line":125,"column":7}},"locations":[{"start":{"line":123,"column":19},"end":{"line":125,"column":7}}]},"43":{"type":"branch","line":125,"loc":{"start":{"line":125,"column":6},"end":{"line":127,"column":60}},"locations":[{"start":{"line":125,"column":6},"end":{"line":127,"column":60}}]},"44":{"type":"branch","line":127,"loc":{"start":{"line":127,"column":58},"end":{"line":129,"column":13}},"locations":[{"start":{"line":127,"column":58},"end":{"line":129,"column":13}}]},"45":{"type":"branch","line":129,"loc":{"start":{"line":129,"column":4},"end":{"line":135,"column":5}},"locations":[{"start":{"line":129,"column":4},"end":{"line":135,"column":5}}]},"46":{"type":"branch","line":130,"loc":{"start":{"line":130,"column":43},"end":{"line":132,"column":7}},"locations":[{"start":{"line":130,"column":43},"end":{"line":132,"column":7}}]}},"b":{"0":[3],"1":[2],"2":[1],"3":[2],"4":[1],"5":[2],"6":[0],"7":[6],"8":[5],"9":[1],"10":[5],"11":[4],"12":[4],"13":[2],"14":[3],"15":[1],"16":[1],"17":[2],"18":[2],"19":[4],"20":[0],"21":[5],"22":[4],"23":[1],"24":[4],"25":[3],"26":[1],"27":[3],"28":[2],"29":[1],"30":[2],"31":[0],"32":[2],"33":[1],"34":[2],"35":[0],"36":[2],"37":[1],"38":[4],"39":[0],"40":[4],"41":[3],"42":[1],"43":[3],"44":[1],"45":[3],"46":[0]},"fnMap":{"0":{"name":"getTasks","decl":{"start":{"line":12,"column":2},"end":{"line":30,"column":3}},"loc":{"start":{"line":12,"column":2},"end":{"line":30,"column":3}},"line":12},"1":{"name":"createTask","decl":{"start":{"line":36,"column":2},"end":{"line":71,"column":3}},"loc":{"start":{"line":36,"column":2},"end":{"line":71,"column":3}},"line":36},"2":{"name":"updateTask","decl":{"start":{"line":77,"column":2},"end":{"line":112,"column":3}},"loc":{"start":{"line":77,"column":2},"end":{"line":112,"column":3}},"line":77},"3":{"name":"deleteTask","decl":{"start":{"line":118,"column":2},"end":{"line":136,"column":3}},"loc":{"start":{"line":118,"column":2},"end":{"line":136,"column":3}},"line":118}},"f":{"0":3,"1":6,"2":5,"3":4}}
,"C:\\Users\\cecil\\Desktop\\ada-tech-school\\adaboards\\adaboards-api\\src\\errors\\index.ts": {"path":"C:\\Users\\cecil\\Desktop\\ada-tech-school\\adaboards\\adaboards-api\\src\\errors\\index.ts","all":false,"statementMap":{"4":{"start":{"line":5,"column":0},"end":{"line":5,"column":42}},"5":{"start":{"line":6,"column":0},"end":{"line":6,"column":55}},"6":{"start":{"line":7,"column":0},"end":{"line":7,"column":19}},"7":{"start":{"line":8,"column":0},"end":{"line":8,"column":32}},"8":{"start":{"line":9,"column":0},"end":{"line":9,"column":3}},"9":{"start":{"line":10,"column":0},"end":{"line":10,"column":1}},"11":{"start":{"line":12,"column":0},"end":{"line":12,"column":43}},"12":{"start":{"line":13,"column":0},"end":{"line":13,"column":53}},"13":{"start":{"line":14,"column":0},"end":{"line":14,"column":19}},"14":{"start":{"line":15,"column":0},"end":{"line":15,"column":33}},"15":{"start":{"line":16,"column":0},"end":{"line":16,"column":3}},"16":{"start":{"line":17,"column":0},"end":{"line":17,"column":1}},"18":{"start":{"line":19,"column":0},"end":{"line":19,"column":46}},"19":{"start":{"line":20,"column":0},"end":{"line":20,"column":49}},"20":{"start":{"line":21,"column":0},"end":{"line":21,"column":19}},"21":{"start":{"line":22,"column":0},"end":{"line":22,"column":36}},"22":{"start":{"line":23,"column":0},"end":{"line":23,"column":3}},"23":{"start":{"line":24,"column":0},"end":{"line":24,"column":1}},"25":{"start":{"line":26,"column":0},"end":{"line":26,"column":44}},"26":{"start":{"line":27,"column":0},"end":{"line":27,"column":48}},"27":{"start":{"line":28,"column":0},"end":{"line":28,"column":19}},"28":{"start":{"line":29,"column":0},"end":{"line":29,"column":34}},"29":{"start":{"line":30,"column":0},"end":{"line":30,"column":3}},"30":{"start":{"line":31,"column":0},"end":{"line":31,"column":1}},"32":{"start":{"line":33,"column":0},"end":{"line":33,"column":44}},"33":{"start":{"line":34,"column":0},"end":{"line":34,"column":54}},"34":{"start":{"line":35,"column":0},"end":{"line":35,"column":19}},"35":{"start":{"line":36,"column":0},"end":{"line":36,"column":34}},"36":{"start":{"line":37,"column":0},"end":{"line":37,"column":3}},"37":{"start":{"line":38,"column":0},"end":{"line":38,"column":1}},"39":{"start":{"line":40,"column":0},"end":{"line":40,"column":42}},"40":{"start":{"line":41,"column":0},"end":{"line":41,"column":45}},"41":{"start":{"line":42,"column":0},"end":{"line":42,"column":19}},"42":{"start":{"line":43,"column":0},"end":{"line":43,"column":32}},"43":{"start":{"line":44,"column":0},"end":{"line":44,"column":3}},"44":{"start":{"line":45,"column":0},"end":{"line":45,"column":1}}},"s":{"4":1,"5":1,"6":19,"7":19,"8":19,"9":1,"11":1,"12":1,"13":22,"14":22,"15":22,"16":1,"18":1,"19":1,"20":11,"21":11,"22":11,"23":1,"25":1,"26":1,"27":12,"28":12,"29":12,"30":1,"32":1,"33":1,"34":0,"35":0,"36":0,"37":1,"39":1,"40":1,"41":2,"42":2,"43":2,"44":1},"branchMap":{"0":{"type":"branch","line":6,"loc":{"start":{"line":6,"column":2},"end":{"line":9,"column":3}},"locations":[{"start":{"line":6,"column":2},"end":{"line":9,"column":3}}]},"1":{"type":"branch","line":13,"loc":{"start":{"line":13,"column":2},"end":{"line":16,"column":3}},"locations":[{"start":{"line":13,"column":2},"end":{"line":16,"column":3}}]},"2":{"type":"branch","line":20,"loc":{"start":{"line":20,"column":2},"end":{"line":23,"column":3}},"locations":[{"start":{"line":20,"column":2},"end":{"line":23,"column":3}}]},"3":{"type":"branch","line":27,"loc":{"start":{"line":27,"column":2},"end":{"line":30,"column":3}},"locations":[{"start":{"line":27,"column":2},"end":{"line":30,"column":3}}]},"4":{"type":"branch","line":41,"loc":{"start":{"line":41,"column":2},"end":{"line":44,"column":3}},"locations":[{"start":{"line":41,"column":2},"end":{"line":44,"column":3}}]}},"b":{"0":[19],"1":[22],"2":[11],"3":[12],"4":[2]},"fnMap":{"0":{"name":"NotFoundError","decl":{"start":{"line":6,"column":2},"end":{"line":9,"column":3}},"loc":{"start":{"line":6,"column":2},"end":{"line":9,"column":3}},"line":6},"1":{"name":"ForbiddenError","decl":{"start":{"line":13,"column":2},"end":{"line":16,"column":3}},"loc":{"start":{"line":13,"column":2},"end":{"line":16,"column":3}},"line":13},"2":{"name":"UnauthorizedError","decl":{"start":{"line":20,"column":2},"end":{"line":23,"column":3}},"loc":{"start":{"line":20,"column":2},"end":{"line":23,"column":3}},"line":20},"3":{"name":"BadRequestError","decl":{"start":{"line":27,"column":2},"end":{"line":30,"column":3}},"loc":{"start":{"line":27,"column":2},"end":{"line":30,"column":3}},"line":27},"4":{"name":"ValidationError","decl":{"start":{"line":34,"column":2},"end":{"line":37,"column":3}},"loc":{"start":{"line":34,"column":2},"end":{"line":37,"column":3}},"line":34},"5":{"name":"ConflictError","decl":{"start":{"line":41,"column":2},"end":{"line":44,"column":3}},"loc":{"start":{"line":41,"column":2},"end":{"line":44,"column":3}},"line":41}},"f":{"0":19,"1":22,"2":11,"3":12,"4":0,"5":2}}
,"C:\\Users\\cecil\\Desktop\\ada-tech-school\\adaboards\\adaboards-api\\src\\middlewares\\auth.middleware.ts": {"path":"C:\\Users\\cecil\\Desktop\\ada-tech-school\\adaboards\\adaboards-api\\src\\middlewares\\auth.middleware.ts","all":false,"statementMap":{"1":{"start":{"line":2,"column":0},"end":{"line":2,"column":55}},"3":{"start":{"line":4,"column":0},"end":{"line":4,"column":93}},"4":{"start":{"line":5,"column":0},"end":{"line":5,"column":7}},"5":{"start":{"line":6,"column":0},"end":{"line":6,"column":52}},"6":{"start":{"line":7,"column":0},"end":{"line":7,"column":83}},"8":{"start":{"line":9,"column":0},"end":{"line":9,"column":17}},"9":{"start":{"line":10,"column":0},"end":{"line":10,"column":44}},"10":{"start":{"line":11,"column":0},"end":{"line":11,"column":50}},"11":{"start":{"line":12,"column":0},"end":{"line":12,"column":7}},"12":{"start":{"line":13,"column":0},"end":{"line":13,"column":63}},"13":{"start":{"line":14,"column":0},"end":{"line":14,"column":13}},"14":{"start":{"line":15,"column":0},"end":{"line":15,"column":5}},"16":{"start":{"line":17,"column":0},"end":{"line":17,"column":51}},"17":{"start":{"line":18,"column":0},"end":{"line":18,"column":23}},"18":{"start":{"line":19,"column":0},"end":{"line":19,"column":11}},"19":{"start":{"line":20,"column":0},"end":{"line":20,"column":19}},"20":{"start":{"line":21,"column":0},"end":{"line":21,"column":42}},"21":{"start":{"line":22,"column":0},"end":{"line":22,"column":105}},"22":{"start":{"line":23,"column":0},"end":{"line":23,"column":5}},"23":{"start":{"line":24,"column":0},"end":{"line":24,"column":64}},"24":{"start":{"line":25,"column":0},"end":{"line":25,"column":3}},"25":{"start":{"line":26,"column":0},"end":{"line":26,"column":2}}},"s":{"1":1,"3":1,"4":191,"5":191,"6":191,"8":191,"9":2,"10":0,"11":0,"12":2,"13":2,"14":2,"16":189,"17":189,"18":189,"19":191,"20":1,"21":0,"22":0,"23":1,"24":1,"25":191},"branchMap":{"0":{"type":"branch","line":4,"loc":{"start":{"line":4,"column":33},"end":{"line":26,"column":2}},"locations":[{"start":{"line":4,"column":33},"end":{"line":26,"column":2}}]},"1":{"type":"branch","line":7,"loc":{"start":{"line":7,"column":18},"end":{"line":7,"column":83}},"locations":[{"start":{"line":7,"column":18},"end":{"line":7,"column":83}}]},"2":{"type":"branch","line":9,"loc":{"start":{"line":9,"column":16},"end":{"line":15,"column":5}},"locations":[{"start":{"line":9,"column":16},"end":{"line":15,"column":5}}]},"3":{"type":"branch","line":10,"loc":{"start":{"line":10,"column":43},"end":{"line":12,"column":7}},"locations":[{"start":{"line":10,"column":43},"end":{"line":12,"column":7}}]},"4":{"type":"branch","line":15,"loc":{"start":{"line":15,"column":4},"end":{"line":20,"column":11}},"locations":[{"start":{"line":15,"column":4},"end":{"line":20,"column":11}}]},"5":{"type":"branch","line":20,"loc":{"start":{"line":20,"column":2},"end":{"line":25,"column":3}},"locations":[{"start":{"line":20,"column":2},"end":{"line":25,"column":3}}]},"6":{"type":"branch","line":21,"loc":{"start":{"line":21,"column":41},"end":{"line":23,"column":5}},"locations":[{"start":{"line":21,"column":41},"end":{"line":23,"column":5}}]}},"b":{"0":[191],"1":[189],"2":[2],"3":[0],"4":[189],"5":[1],"6":[0]},"fnMap":{"0":{"name":"authenticateToken","decl":{"start":{"line":4,"column":33},"end":{"line":26,"column":2}},"loc":{"start":{"line":4,"column":33},"end":{"line":26,"column":2}},"line":4}},"f":{"0":191}}
,"C:\\Users\\cecil\\Desktop\\ada-tech-school\\adaboards\\adaboards-api\\src\\routes\\auth.routes.ts": {"path":"C:\\Users\\cecil\\Desktop\\ada-tech-school\\adaboards\\adaboards-api\\src\\routes\\auth.routes.ts","all":false,"statementMap":{"0":{"start":{"line":1,"column":0},"end":{"line":1,"column":33}},"1":{"start":{"line":2,"column":0},"end":{"line":2,"column":64}},"3":{"start":{"line":4,"column":0},"end":{"line":4,"column":24}},"6":{"start":{"line":7,"column":0},"end":{"line":7,"column":74}},"9":{"start":{"line":10,"column":0},"end":{"line":10,"column":68}},"11":{"start":{"line":12,"column":0},"end":{"line":12,"column":22}}},"s":{"0":1,"1":1,"3":1,"6":1,"9":1,"11":1},"branchMap":{"0":{"type":"branch","line":7,"loc":{"start":{"line":7,"column":25},"end":{"line":7,"column":72}},"locations":[{"start":{"line":7,"column":25},"end":{"line":7,"column":72}}]},"1":{"type":"branch","line":10,"loc":{"start":{"line":10,"column":22},"end":{"line":10,"column":66}},"locations":[{"start":{"line":10,"column":22},"end":{"line":10,"column":66}}]}},"b":{"0":[80],"1":[3]},"fnMap":{},"f":{}}
,"C:\\Users\\cecil\\Desktop\\ada-tech-school\\adaboards\\adaboards-api\\src\\routes\\board.routes.ts": {"path":"C:\\Users\\cecil\\Desktop\\ada-tech-school\\adaboards\\adaboards-api\\src\\routes\\board.routes.ts","all":false,"statementMap":{"0":{"start":{"line":1,"column":0},"end":{"line":1,"column":33}},"1":{"start":{"line":2,"column":0},"end":{"line":2,"column":66}},"2":{"start":{"line":3,"column":0},"end":{"line":3,"column":67}},"4":{"start":{"line":5,"column":0},"end":{"line":5,"column":24}},"7":{"start":{"line":8,"column":0},"end":{"line":8,"column":30}},"10":{"start":{"line":11,"column":0},"end":{"line":11,"column":67}},"13":{"start":{"line":14,"column":0},"end":{"line":14,"column":69}},"16":{"start":{"line":17,"column":0},"end":{"line":17,"column":70}},"19":{"start":{"line":20,"column":0},"end":{"line":20,"column":74}},"22":{"start":{"line":23,"column":0},"end":{"line":23,"column":75}},"24":{"start":{"line":25,"column":0},"end":{"line":25,"column":22}}},"s":{"0":1,"1":1,"2":1,"4":1,"7":1,"10":1,"13":1,"16":1,"19":1,"22":1,"24":1},"branchMap":{"0":{"type":"branch","line":11,"loc":{"start":{"line":11,"column":16},"end":{"line":11,"column":65}},"locations":[{"start":{"line":11,"column":16},"end":{"line":11,"column":65}}]},"1":{"type":"branch","line":14,"loc":{"start":{"line":14,"column":19},"end":{"line":14,"column":67}},"locations":[{"start":{"line":14,"column":19},"end":{"line":14,"column":67}}]},"2":{"type":"branch","line":17,"loc":{"start":{"line":17,"column":17},"end":{"line":17,"column":68}},"locations":[{"start":{"line":17,"column":17},"end":{"line":17,"column":68}}]},"3":{"type":"branch","line":20,"loc":{"start":{"line":20,"column":21},"end":{"line":20,"column":72}},"locations":[{"start":{"line":20,"column":21},"end":{"line":20,"column":72}}]},"4":{"type":"branch","line":23,"loc":{"start":{"line":23,"column":22},"end":{"line":23,"column":73}},"locations":[{"start":{"line":23,"column":22},"end":{"line":23,"column":73}}]}},"b":{"0":[4],"1":[2],"2":[33],"3":[3],"4":[4]},"fnMap":{},"f":{}}
[...]
rt":{"line":181,"column":0},"end":{"line":181,"column":38}},"181":{"start":{"line":182,"column":0},"end":{"line":182,"column":22}},"182":{"start":{"line":183,"column":0},"end":{"line":183,"column":14}},"183":{"start":{"line":184,"column":0},"end":{"line":184,"column":12}},"184":{"start":{"line":185,"column":0},"end":{"line":185,"column":11}},"186":{"start":{"line":187,"column":0},"end":{"line":187,"column":34}},"187":{"start":{"line":188,"column":0},"end":{"line":188,"column":83}},"188":{"start":{"line":189,"column":0},"end":{"line":189,"column":9}},"189":{"start":{"line":190,"column":0},"end":{"line":190,"column":7}},"190":{"start":{"line":191,"column":0},"end":{"line":191,"column":5}},"192":{"start":{"line":193,"column":0},"end":{"line":193,"column":43}},"193":{"start":{"line":194,"column":0},"end":{"line":194,"column":28}},"194":{"start":{"line":195,"column":0},"end":{"line":195,"column":13}},"195":{"start":{"line":196,"column":0},"end":{"line":196,"column":26}},"196":{"start":{"line":197,"column":0},"end":{"line":197,"column":38}},"197":{"start":{"line":198,"column":0},"end":{"line":198,"column":28}},"198":{"start":{"line":199,"column":0},"end":{"line":199,"column":36}},"199":{"start":{"line":200,"column":0},"end":{"line":200,"column":8}},"200":{"start":{"line":201,"column":0},"end":{"line":201,"column":16}},"201":{"start":{"line":202,"column":0},"end":{"line":202,"column":18}},"202":{"start":{"line":203,"column":0},"end":{"line":203,"column":19}},"203":{"start":{"line":204,"column":0},"end":{"line":204,"column":21}},"204":{"start":{"line":205,"column":0},"end":{"line":205,"column":23}},"205":{"start":{"line":206,"column":0},"end":{"line":206,"column":24}},"206":{"start":{"line":207,"column":0},"end":{"line":207,"column":12}},"207":{"start":{"line":208,"column":0},"end":{"line":208,"column":10}},"208":{"start":{"line":209,"column":0},"end":{"line":209,"column":19}},"209":{"start":{"line":210,"column":0},"end":{"line":210,"column":19}},"210":{"start":{"line":211,"column":0},"end":{"line":211,"column":21}},"211":{"start":{"line":212,"column":0},"end":{"line":212,"column":23}},"212":{"start":{"line":213,"column":0},"end":{"line":213,"column":24}},"213":{"start":{"line":214,"column":0},"end":{"line":214,"column":12}},"214":{"start":{"line":215,"column":0},"end":{"line":215,"column":10}},"215":{"start":{"line":216,"column":0},"end":{"line":216,"column":8}},"216":{"start":{"line":217,"column":0},"end":{"line":217,"column":7}},"218":{"start":{"line":219,"column":0},"end":{"line":219,"column":12}},"219":{"start":{"line":220,"column":0},"end":{"line":220,"column":18}},"220":{"start":{"line":221,"column":0},"end":{"line":221,"column":24}},"221":{"start":{"line":222,"column":0},"end":{"line":222,"column":36}},"222":{"start":{"line":223,"column":0},"end":{"line":223,"column":26}},"223":{"start":{"line":224,"column":0},"end":{"line":224,"column":28}},"224":{"start":{"line":225,"column":0},"end":{"line":225,"column":32}},"225":{"start":{"line":226,"column":0},"end":{"line":226,"column":34}},"226":{"start":{"line":227,"column":0},"end":{"line":227,"column":46}},"227":{"start":{"line":228,"column":0},"end":{"line":228,"column":46}},"228":{"start":{"line":229,"column":0},"end":{"line":229,"column":28}},"229":{"start":{"line":230,"column":0},"end":{"line":230,"column":30}},"230":{"start":{"line":231,"column":0},"end":{"line":231,"column":6}},"231":{"start":{"line":232,"column":0},"end":{"line":232,"column":3}},"236":{"start":{"line":237,"column":0},"end":{"line":237,"column":69}},"238":{"start":{"line":239,"column":0},"end":{"line":239,"column":69}},"241":{"start":{"line":242,"column":0},"end":{"line":242,"column":54}},"242":{"start":{"line":243,"column":0},"end":{"line":243,"column":14}},"243":{"start":{"line":244,"column":0},"end":{"line":244,"column":19}},"244":{"start":{"line":245,"column":0},"end":{"line":245,"column":16}},"245":{"start":{"line":246,"column":0},"end":{"line":246,"column":8}},"246":{"start":{"line":247,"column":0},"end":{"line":247,"column":7}},"248":{"start":{"line":249,"column":0},"end":{"line":249,"column":24}},"249":{"start":{"line":250,"column":0},"end":{"line":250,"column":48}},"250":{"start":{"line":251,"column":0},"end":{"line":251,"column":5}},"253":{"start":{"line":254,"column":0},"end":{"line":254,"column":21}},"254":{"start":{"line":255,"column":0},"end":{"line":255,"column":42}},"255":{"start":{"line":256,"column":0},"end":{"line":256,"column":36}},"256":{"start":{"line":257,"column":0},"end":{"line":257,"column":39}},"258":{"start":{"line":259,"column":0},"end":{"line":259,"column":21}},"259":{"start":{"line":260,"column":0},"end":{"line":260,"column":93}},"260":{"start":{"line":261,"column":0},"end":{"line":261,"column":5}},"262":{"start":{"line":263,"column":0},"end":{"line":263,"column":30}},"263":{"start":{"line":264,"column":0},"end":{"line":264,"column":28}},"264":{"start":{"line":265,"column":0},"end":{"line":265,"column":7}},"265":{"start":{"line":266,"column":0},"end":{"line":266,"column":3}},"266":{"start":{"line":267,"column":0},"end":{"line":267,"column":1}},"268":{"start":{"line":269,"column":0},"end":{"line":269,"column":45}}},"s":{"0":1,"1":1,"3":1,"5":1,"9":1,"10":11,"11":11,"12":11,"13":11,"14":11,"15":11,"16":11,"17":11,"19":11,"20":1,"21":1,"23":10,"24":11,"29":1,"31":2,"33":1,"34":1,"35":1,"36":1,"37":1,"38":1,"39":1,"40":1,"41":1,"42":1,"43":1,"44":1,"45":1,"46":1,"47":1,"48":1,"49":1,"50":1,"51":1,"52":1,"53":1,"54":1,"56":1,"57":2,"58":2,"59":2,"60":2,"61":2,"62":2,"63":2,"64":2,"65":2,"66":2,"67":2,"68":1,"69":2,"74":1,"75":3,"76":3,"77":3,"83":3,"85":3,"88":3,"89":2,"90":2,"91":2,"92":2,"93":2,"94":2,"95":2,"96":2,"98":2,"99":1,"100":1,"101":2,"103":2,"104":2,"105":2,"106":2,"107":3,"108":3,"109":3,"110":3,"111":3,"112":3,"113":3,"114":3,"115":3,"116":3,"117":3,"118":3,"119":3,"120":3,"121":3,"122":3,"123":3,"124":3,"125":3,"126":3,"127":3,"128":3,"130":2,"131":2,"132":2,"133":2,"134":2,"135":2,"136":2,"137":2,"138":2,"139":2,"140":2,"141":2,"142":2,"143":3,"148":1,"149":2,"150":2,"151":2,"152":2,"158":2,"160":2,"163":2,"164":2,"165":2,"166":2,"167":2,"168":2,"170":2,"171":1,"172":1,"175":2,"176":0,"177":0,"178":0,"179":0,"180":0,"181":0,"182":0,"183":0,"184":0,"186":0,"187":0,"188":0,"189":0,"190":0,"192":1,"193":1,"194":1,"195":1,"196":1,"197":1,"198":1,"199":1,"200":1,"201":1,"202":1,"203":1,"204":1,"205":1,"206":1,"207":1,"208":1,"209":1,"210":1,"211":1,"212":1,"213":1,"214":1,"215":1,"216":1,"218":1,"219":1,"220":1,"221":1,"222":1,"223":1,"224":1,"225":1,"226":1,"227":1,"228":1,"229":1,"230":1,"231":2,"236":1,"238":4,"241":4,"242":4,"243":4,"244":4,"245":4,"246":4,"248":4,"249":1,"250":1,"253":3,"254":3,"255":2,"256":1,"258":4,"259":1,"260":1,"262":2,"263":2,"264":2,"265":4,"266":1,"268":1},"branchMap":{"0":{"type":"branch","line":10,"loc":{"start":{"line":10,"column":2},"end":{"line":25,"column":3}},"locations":[{"start":{"line":10,"column":2},"end":{"line":25,"column":3}}]},"1":{"type":"branch","line":20,"loc":{"start":{"line":20,"column":21},"end":{"line":22,"column":5}},"locations":[{"start":{"line":20,"column":21},"end":{"line":22,"column":5}}]},"2":{"type":"branch","line":22,"loc":{"start":{"line":22,"column":4},"end":{"line":24,"column":22}},"locations":[{"start":{"line":22,"column":4},"end":{"line":24,"column":22}}]},"3":{"type":"branch","line":30,"loc":{"start":{"line":30,"column":2},"end":{"line":70,"column":3}},"locations":[{"start":{"line":30,"column":2},"end":{"line":70,"column":3}}]},"4":{"type":"branch","line":32,"loc":{"start":{"line":32,"column":48},"end":{"line":69,"column":8}},"locations":[{"start":{"line":32,"column":48},"end":{"line":69,"column":8}}]},"5":{"type":"branch","line":57,"loc":{"start":{"line":57,"column":21},"end":{"line":69,"column":6}},"locations":[{"start":{"line":57,"column":21},"end":{"line":69,"column":6}}]},"6":{"type":"branch","line":75,"loc":{"start":{"line":75,"column":2},"end":{"line":144,"column":3}},"locations":[{"start":{"line":75,"column":2},"end":{"line":144,"column":3}}]},"7":{"type":"branch","line":89,"loc":{"start":{"line":89,"column":25},"end":{"line":108,"column":31}},"locations":[{"start":{"line":89,"column":25},"end":{"line":108,"column":31}}]},"8":{"type":"branch","line":99,"loc":{"start":{"line":99,"column":31},"end":{"line":101,"column":7}},"locations":[{"start":{"line":99,"column":31},"end":{"line":101,"column":7}}]},"9":{"type":"branch","line":108,"loc":{"start":{"line":108,"column":21},"end":{"line":108,"column":38}},"locations":[{"start":{"line":108,"column":21},"end":{"line":108,"column":38}}]},"10":{"type":"branch","line":129,"loc":{"start":{"line":129,"column":5},"end":{"line":143,"column":6}},"locations":[{"start":{"line":129,"column":5},"end":{"line":143,"column":6}}]},"11":{"type":"branch","line":149,"loc":{"start":{"line":149,"column":2},"end":{"line":232,"column":3}},"locations":[{"start":{"line":149,"column":2},"end":{"line":232,"column":3}}]},"12":{"type":"branch","line":171,"loc":{"start":{"line":171,"column":23},"end":{"line":176,"column":39}},"locations":[{"start":{"line":171,"column":23},"end":{"line":176,"column":39}}]},"13":{"type":"branch","line":176,"loc":{"start":{"line":176,"column":39},"end":{"line":191,"column":5}},"locations":[{"start":{"line":176,"column":39},"end":{"line":191,"column":5}}]},"14":{"type":"branch","line":191,"loc":{"start":{"line":191,"column":4},"end":{"line":231,"column":6}},"locations":[{"start":{"line":191,"column":4},"end":{"line":231,"column":6}}]},"15":{"type":"branch","line":237,"loc":{"start":{"line":237,"column":2},"end":{"line":266,"column":3}},"locations":[{"start":{"line":237,"column":2},"end":{"line":266,"column":3}}]},"16":{"type":"branch","line":249,"loc":{"start":{"line":249,"column":23},"end":{"line":251,"column":5}},"locations":[{"start":{"line":249,"column":23},"end":{"line":251,"column":5}}]},"17":{"type":"branch","line":251,"loc":{"start":{"line":251,"column":4},"end":{"line":255,"column":42}},"locations":[{"start":{"line":251,"column":4},"end":{"line":255,"column":42}}]},"18":{"type":"branch","line":255,"loc":{"start":{"line":255,"column":33},"end":{"line":256,"column":36}},"locations":[{"start":{"line":255,"column":33},"end":{"line":256,"column":36}}]},"19":{"type":"branch","line":256,"loc":{"start":{"line":256,"column":26},"end":{"line":257,"column":39}},"locations":[{"start":{"line":256,"column":26},"end":{"line":257,"column":39}}]},"20":{"type":"branch","line":259,"loc":{"start":{"line":259,"column":20},"end":{"line":261,"column":5}},"locations":[{"start":{"line":259,"column":20},"end":{"line":261,"column":5}}]},"21":{"type":"branch","line":261,"loc":{"start":{"line":261,"column":4},"end":{"line":265,"column":7}},"locations":[{"start":{"line":261,"column":4},"end":{"line":265,"column":7}}]}},"b":{"0":[11],"1":[1],"2":[10],"3":[2],"4":[1],"5":[2],"6":[3],"7":[2],"8":[1],"9":[1],"10":[2],"11":[2],"12":[1],"13":[0],"14":[1],"15":[4],"16":[1],"17":[3],"18":[2],"19":[1],"20":[1],"21":[2]},"fnMap":{"0":{"name":"verifyBoardAccess","decl":{"start":{"line":10,"column":2},"end":{"line":25,"column":3}},"loc":{"start":{"line":10,"column":2},"end":{"line":25,"column":3}},"line":10},"1":{"name":"getBoardTasks","decl":{"start":{"line":30,"column":2},"end":{"line":70,"column":3}},"loc":{"start":{"line":30,"column":2},"end":{"line":70,"column":3}},"line":30},"2":{"name":"createTask","decl":{"start":{"line":75,"column":2},"end":{"line":144,"column":3}},"loc":{"start":{"line":75,"column":2},"end":{"line":144,"column":3}},"line":75},"3":{"name":"updateTask","decl":{"start":{"line":149,"column":2},"end":{"line":232,"column":3}},"loc":{"start":{"line":149,"column":2},"end":{"line":232,"column":3}},"line":149},"4":{"name":"deleteTask","decl":{"start":{"line":237,"column":2},"end":{"line":266,"column":3}},"loc":{"start":{"line":237,"column":2},"end":{"line":266,"column":3}},"line":237}},"f":{"0":11,"1":2,"2":3,"3":2,"4":4}}
,"C:\\Users\\cecil\\Desktop\\ada-tech-school\\adaboards\\adaboards-api\\src\\types\\auth.types.ts": {"path":"C:\\Users\\cecil\\Desktop\\ada-tech-school\\adaboards\\adaboards-api\\src\\types\\auth.types.ts","all":true,"statementMap":{},"s":{},"branchMap":{"0":{"type":"branch","line":1,"loc":{"start":{"line":1,"column":420},"end":{"line":25,"column":1}},"locations":[{"start":{"line":1,"column":420},"end":{"line":25,"column":1}}]}},"b":{"0":[1]},"fnMap":{"0":{"name":"(empty-report)","decl":{"start":{"line":1,"column":420},"end":{"line":25,"column":1}},"loc":{"start":{"line":1,"column":420},"end":{"line":25,"column":1}},"line":1}},"f":{"0":1}}
,"C:\\Users\\cecil\\Desktop\\ada-tech-school\\adaboards\\adaboards-api\\src\\types\\express.d.ts": {"path":"C:\\Users\\cecil\\Desktop\\ada-tech-school\\adaboards\\adaboards-api\\src\\types\\express.d.ts","all":true,"statementMap":{"0":{"start":{"line":1,"column":0},"end":{"line":1,"column":17}}},"s":{"0":0},"branchMap":{"0":{"type":"branch","line":1,"loc":{"start":{"line":1,"column":159},"end":{"line":10,"column":1}},"locations":[{"start":{"line":1,"column":159},"end":{"line":10,"column":1}}]}},"b":{"0":[0]},"fnMap":{"0":{"name":"(empty-report)","decl":{"start":{"line":1,"column":159},"end":{"line":10,"column":1}},"loc":{"start":{"line":1,"column":159},"end":{"line":10,"column":1}},"line":1}},"f":{"0":0}}
,"C:\\Users\\cecil\\Desktop\\ada-tech-school\\adaboards\\adaboards-api\\src\\types\\express.ts": {"path":"C:\\Users\\cecil\\Desktop\\ada-tech-school\\adaboards\\adaboards-api\\src\\types\\express.ts","all":false,"statementMap":{},"s":{},"branchMap":{},"b":{},"fnMap":{},"f":{}}
,"C:\\Users\\cecil\\Desktop\\ada-tech-school\\adaboards\\adaboards-api\\src\\utils\\http.ts": {"path":"C:\\Users\\cecil\\Desktop\\ada-tech-school\\adaboards\\adaboards-api\\src\\utils\\http.ts","all":false,"statementMap":{"0":{"start":{"line":1,"column":0},"end":{"line":1,"column":8}},"17":{"start":{"line":18,"column":0},"end":{"line":18,"column":61}},"18":{"start":{"line":19,"column":0},"end":{"line":19,"column":39}},"19":{"start":{"line":20,"column":0},"end":{"line":20,"column":59}},"20":{"start":{"line":21,"column":0},"end":{"line":21,"column":3}},"22":{"start":{"line":23,"column":0},"end":{"line":23,"column":40}},"23":{"start":{"line":24,"column":0},"end":{"line":24,"column":59}},"24":{"start":{"line":25,"column":0},"end":{"line":25,"column":3}},"26":{"start":{"line":27,"column":0},"end":{"line":27,"column":43}},"27":{"start":{"line":28,"column":0},"end":{"line":28,"column":59}},"28":{"start":{"line":29,"column":0},"end":{"line":29,"column":3}},"30":{"start":{"line":31,"column":0},"end":{"line":31,"column":77}},"31":{"start":{"line":32,"column":0},"end":{"line":32,"column":59}},"32":{"start":{"line":33,"column":0},"end":{"line":33,"column":3}},"34":{"start":{"line":35,"column":0},"end":{"line":35,"column":39}},"35":{"start":{"line":36,"column":0},"end":{"line":36,"column":59}},"36":{"start":{"line":37,"column":0},"end":{"line":37,"column":3}},"39":{"start":{"line":40,"column":0},"end":{"line":40,"column":40}},"40":{"start":{"line":41,"column":0},"end":{"line":41,"column":46}},"41":{"start":{"line":42,"column":0},"end":{"line":42,"column":3}},"42":{"start":{"line":43,"column":0},"end":{"line":43,"column":10}},"43":{"start":{"line":44,"column":0},"end":{"line":44,"column":16}},"44":{"start":{"line":45,"column":0},"end":{"line":45,"column":44}},"45":{"start":{"line":46,"column":0},"end":{"line":46,"column":4}},"46":{"start":{"line":47,"column":0},"end":{"line":47,"column":1}}},"s":{"0":1,"17":1,"18":52,"19":11,"20":11,"22":52,"23":16,"24":16,"26":41,"27":11,"28":11,"30":52,"31":11,"32":11,"34":19,"35":1,"36":1,"39":18,"40":0,"41":0,"42":2,"43":2,"44":2,"45":2,"46":2},"branchMap":{"0":{"type":"branch","line":18,"loc":{"start":{"line":18,"column":7},"end":{"line":47,"column":1}},"locations":[{"start":{"line":18,"column":7},"end":{"line":47,"column":1}}]},"1":{"type":"branch","line":19,"loc":{"start":{"line":19,"column":38},"end":{"line":23,"column":39}},"locations":[{"start":{"line":19,"column":38},"end":{"line":23,"column":39}}]},"2":{"type":"branch","line":19,"loc":{"start":{"line":19,"column":38},"end":{"line":21,"column":3}},"locations":[{"start":{"line":19,"column":38},"end":{"line":21,"column":3}}]},"3":{"type":"branch","line":21,"loc":{"start":{"line":21,"column":2},"end":{"line":23,"column":39}},"locations":[{"start":{"line":21,"column":2},"end":{"line":23,"column":39}}]},"4":{"type":"branch","line":23,"loc":{"start":{"line":23,"column":39},"end":{"line":31,"column":76}},"locations":[{"start":{"line":23,"column":39},"end":{"line":31,"column":76}}]},"5":{"type":"branch","line":23,"loc":{"start":{"line":23,"column":39},"end":{"line":25,"column":3}},"locations":[{"start":{"line":23,"column":39},"end":{"line":25,"column":3}}]},"6":{"type":"branch","line":25,"loc":{"start":{"line":25,"column":2},"end":{"line":31,"column":76}},"locations":[{"start":{"line":25,"column":2},"end":{"line":31,"column":76}}]},"7":{"type":"branch","line":25,"loc":{"start":{"line":25,"column":2},"end":{"line":27,"column":42}},"locations":[{"start":{"line":25,"column":2},"end":{"line":27,"column":42}}]},"8":{"type":"branch","line":27,"loc":{"start":{"line":27,"column":42},"end":{"line":31,"column":42}},"locations":[{"start":{"line":27,"column":42},"end":{"line":31,"column":42}}]},"9":{"type":"branch","line":27,"loc":{"start":{"line":27,"column":42},"end":{"line":29,"column":3}},"locations":[{"start":{"line":27,"column":42},"end":{"line":29,"column":3}}]},"10":{"type":"branch","line":29,"loc":{"start":{"line":29,"column":2},"end":{"line":31,"column":42}},"locations":[{"start":{"line":29,"column":2},"end":{"line":31,"column":42}}]},"11":{"type":"branch","line":31,"loc":{"start":{"line":31,"column":23},"end":{"line":31,"column":76}},"locations":[{"start":{"line":31,"column":23},"end":{"line":31,"column":76}}]},"12":{"type":"branch","line":31,"loc":{"start":{"line":31,"column":76},"end":{"line":47,"column":1}},"locations":[{"start":{"line":31,"column":76},"end":{"line":47,"column":1}}]},"13":{"type":"branch","line":31,"loc":{"start":{"line":31,"column":76},"end":{"line":33,"column":3}},"locations":[{"start":{"line":31,"column":76},"end":{"line":33,"column":3}}]},"14":{"type":"branch","line":33,"loc":{"start":{"line":33,"column":2},"end":{"line":47,"column":1}},"locations":[{"start":{"line":33,"column":2},"end":{"line":47,"column":1}}]},"15":{"type":"branch","line":33,"loc":{"start":{"line":33,"column":2},"end":{"line":37,"column":3}},"locations":[{"start":{"line":33,"column":2},"end":{"line":37,"column":3}}]},"16":{"type":"branch","line":33,"loc":{"start":{"line":33,"column":2},"end":{"line":35,"column":38}},"locations":[{"start":{"line":33,"column":2},"end":{"line":35,"column":38}}]},"17":{"type":"branch","line":35,"loc":{"start":{"line":35,"column":38},"end":{"line":37,"column":3}},"locations":[{"start":{"line":35,"column":38},"end":{"line":37,"column":3}}]},"18":{"type":"branch","line":37,"loc":{"start":{"line":37,"column":2},"end":{"line":47,"column":1}},"locations":[{"start":{"line":37,"column":2},"end":{"line":47,"column":1}}]},"19":{"type":"branch","line":37,"loc":{"start":{"line":37,"column":2},"end":{"line":40,"column":39}},"locations":[{"start":{"line":37,"column":2},"end":{"line":40,"column":39}}]},"20":{"type":"branch","line":40,"loc":{"start":{"line":40,"column":39},"end":{"line":42,"column":3}},"locations":[{"start":{"line":40,"column":39},"end":{"line":42,"column":3}}]},"21":{"type":"branch","line":42,"loc":{"start":{"line":42,"column":2},"end":{"line":47,"column":1}},"locations":[{"start":{"line":42,"column":2},"end":{"line":47,"column":1}}]}},"b":{"0":[52],"1":[50],"2":[11],"3":[41],"4":[49],"5":[16],"6":[41],"7":[25],"8":[23],"9":[11],"10":[14],"11":[3],"12":[41],"13":[11],"14":[28],"15":[19],"16":[3],"17":[1],"18":[18],"19":[2],"20":[0],"21":[2]},"fnMap":{"0":{"name":"mapError","decl":{"start":{"line":18,"column":7},"end":{"line":47,"column":1}},"loc":{"start":{"line":18,"column":7},"end":{"line":47,"column":1}},"line":18}},"f":{"0":52}}
}
